./data_sbc/
./data_sbc/simrun_633.h5
./data_sbc/simrun_784.h5
./data_sbc/simrun_685.h5
./data_sbc/simrun_386.h5
./data_sbc/simrun_701.h5
./data_sbc/simrun_145.h5
./data_sbc/simrun_541.h5
./data_sbc/simrun_324.h5
./data_sbc/simrun_165.h5
./data_sbc/simrun_583.h5
./data_sbc/simrun_277.h5
./data_sbc/simrun_253.h5
./data_sbc/simrun_518.h5
./data_sbc/simrun_79.h5
./data_sbc/simrun_794.h5
./data_sbc/simrun_371.h5
./data_sbc/simrun_440.h5
./data_sbc/simrun_939.h5
./data_sbc/simrun_237.h5
./data_sbc/simrun_806.h5
./data_sbc/simrun_977.h5
./data_sbc/simrun_257.h5
./data_sbc/simrun_194.h5
./data_sbc/simrun_907.h5
./data_sbc/simrun_636.h5
./data_sbc/simrun_289.h5
./data_sbc/simrun_542.h5
./data_sbc/simrun_336.h5
./data_sbc/simrun_745.h5
./data_sbc/simrun_520.h5
./data_sbc/simrun_461.h5
./data_sbc/simrun_207.h5
./data_sbc/simrun_352.h5
./data_sbc/simrun_479.h5
./data_sbc/simrun_766.h5
./data_sbc/simrun_540.h5
./data_sbc/simrun_303.h5
./data_sbc/simrun_62.h5
./data_sbc/simrun_848.h5
./data_sbc/simrun_741.h5
./data_sbc/simrun_196.h5
./data_sbc/simrun_570.h5
./data_sbc/simrun_856.h5
./data_sbc/simrun_20.h5
./data_sbc/simrun_469.h5
./data_sbc/simrun_674.h5
./data_sbc/simrun_337.h5
./data_sbc/simrun_536.h5
./data_sbc/simrun_938.h5
./data_sbc/simrun_10.h5
./data_sbc/simrun_462.h5
./data_sbc/simrun_898.h5
./data_sbc/simrun_97.h5
./data_sbc/simrun_877.h5
./data_sbc/simrun_644.h5
./data_sbc/simrun_46.h5
./data_sbc/simrun_777.h5
./data_sbc/simrun_39.h5
./data_sbc/simrun_329.h5
./data_sbc/simrun_242.h5
./data_sbc/simrun_249.h5
./data_sbc/simrun_288.h5
./data_sbc/simrun_215.h5
./data_sbc/simrun_457.h5
./data_sbc/simrun_340.h5
./data_sbc/simrun_182.h5
./data_sbc/simrun_148.h5
./data_sbc/simrun_243.h5
./data_sbc/simrun_908.h5
./data_sbc/simrun_675.h5
./data_sbc/simrun_497.h5
./data_sbc/simrun_934.h5
./data_sbc/simrun_661.h5
./data_sbc/simrun_624.h5
./data_sbc/simrun_884.h5
./data_sbc/simrun_98.h5
./data_sbc/simrun_65.h5
./data_sbc/simrun_646.h5
./data_sbc/simrun_270.h5
./data_sbc/simrun_486.h5
./data_sbc/simrun_840.h5
./data_sbc/simrun_475.h5
./data_sbc/simrun_378.h5
./data_sbc/simrun_456.h5
./data_sbc/simrun_86.h5
./data_sbc/simrun_321.h5
./data_sbc/simrun_126.h5
./data_sbc/simrun_994.h5
./data_sbc/simrun_873.h5
./data_sbc/simrun_211.h5
./data_sbc/simrun_793.h5
./data_sbc/simrun_827.h5
./data_sbc/simrun_201.h5
./data_sbc/simrun_269.h5
./data_sbc/simrun_388.h5
./data_sbc/simrun_213.h5
./data_sbc/simrun_588.h5
./data_sbc/simrun_666.h5
./data_sbc/simrun_983.h5
./data_sbc/simrun_959.h5
./data_sbc/simrun_534.h5
./data_sbc/simrun_558.h5
./data_sbc/simrun_759.h5
./data_sbc/simrun_786.h5
./data_sbc/simrun_285.h5
./data_sbc/simrun_448.h5
./data_sbc/simrun_267.h5
./data_sbc/simrun_529.h5
./data_sbc/simrun_405.h5
./data_sbc/simrun_364.h5
./data_sbc/simrun_398.h5
./data_sbc/simrun_932.h5
./data_sbc/simrun_858.h5
./data_sbc/simrun_224.h5
./data_sbc/simrun_92.h5
./data_sbc/simrun_837.h5
./data_sbc/simrun_108.h5
./data_sbc/simrun_236.h5
./data_sbc/simrun_506.h5
./data_sbc/simrun_936.h5
./data_sbc/simrun_546.h5
./data_sbc/simrun_917.h5
./data_sbc/simrun_920.h5
./data_sbc/simrun_813.h5
./data_sbc/simrun_511.h5
./data_sbc/simrun_187.h5
./data_sbc/simrun_183.h5
./data_sbc/simrun_621.h5
./data_sbc/simrun_942.h5
./data_sbc/simrun_122.h5
./data_sbc/simrun_634.h5
./data_sbc/simrun_595.h5
./data_sbc/simrun_254.h5
./data_sbc/simrun_315.h5
./data_sbc/simrun_564.h5
./data_sbc/simrun_179.h5
./data_sbc/simrun_7.h5
./data_sbc/simrun_735.h5
./data_sbc/simrun_913.h5
./data_sbc/simrun_765.h5
./data_sbc/simrun_982.h5
./data_sbc/simrun_323.h5
./data_sbc/simrun_708.h5
./data_sbc/simrun_155.h5
./data_sbc/simrun_417.h5
./data_sbc/simrun_389.h5
./data_sbc/simrun_700.h5
./data_sbc/simrun_632.h5
./data_sbc/simrun_132.h5
./data_sbc/simrun_256.h5
./data_sbc/simrun_377.h5
./data_sbc/simrun_613.h5
./data_sbc/simrun_264.h5
./data_sbc/simrun_655.h5
./data_sbc/simrun_714.h5
./data_sbc/simrun_509.h5
./data_sbc/simrun_175.h5
./data_sbc/simrun_754.h5
./data_sbc/simrun_263.h5
./data_sbc/simrun_750.h5
./data_sbc/simrun_645.h5
./data_sbc/simrun_491.h5
./data_sbc/simrun_791.h5
./data_sbc/simrun_326.h5
./data_sbc/simrun_130.h5
./data_sbc/simrun_193.h5
./data_sbc/simrun_580.h5
./data_sbc/simrun_625.h5
./data_sbc/simrun_889.h5
./data_sbc/simrun_997.h5
./data_sbc/simrun_169.h5
./data_sbc/simrun_339.h5
./data_sbc/simrun_75.h5
./data_sbc/simrun_614.h5
./data_sbc/simrun_693.h5
./data_sbc/simrun_136.h5
./data_sbc/simrun_594.h5
./data_sbc/simrun_91.h5
./data_sbc/simrun_656.h5
./data_sbc/simrun_22.h5
./data_sbc/simrun_835.h5
./data_sbc/simrun_19.h5
./data_sbc/simrun_115.h5
./data_sbc/simrun_965.h5
./data_sbc/simrun_703.h5
./data_sbc/simrun_476.h5
./data_sbc/simrun_717.h5
./data_sbc/simrun_93.h5
./data_sbc/simrun_683.h5
./data_sbc/simrun_5.h5
./data_sbc/simrun_204.h5
./data_sbc/simrun_526.h5
./data_sbc/simrun_811.h5
./data_sbc/simrun_372.h5
./data_sbc/simrun_54.h5
./data_sbc/simrun_173.h5
./data_sbc/simrun_38.h5
./data_sbc/simrun_167.h5
./data_sbc/simrun_142.h5
./data_sbc/simrun_516.h5
./data_sbc/simrun_872.h5
./data_sbc/simrun_844.h5
./data_sbc/simrun_749.h5
./data_sbc/simrun_601.h5
./data_sbc/simrun_441.h5
./data_sbc/simrun_226.h5
./data_sbc/simrun_828.h5
./data_sbc/simrun_804.h5
./data_sbc/simrun_524.h5
./data_sbc/simrun_616.h5
./data_sbc/simrun_670.h5
./data_sbc/simrun_841.h5
./data_sbc/simrun_737.h5
./data_sbc/simrun_743.h5
./data_sbc/simrun_330.h5
./data_sbc/simrun_555.h5
./data_sbc/simrun_478.h5
./data_sbc/simrun_971.h5
./data_sbc/simrun_937.h5
./data_sbc/simrun_306.h5
./data_sbc/simrun_467.h5
./data_sbc/simrun_560.h5
./data_sbc/simrun_801.h5
./data_sbc/simrun_602.h5
./data_sbc/simrun_343.h5
./data_sbc/simrun_989.h5
./data_sbc/simrun_66.h5
./data_sbc/simrun_752.h5
./data_sbc/simrun_695.h5
./data_sbc/simrun_399.h5
./data_sbc/simrun_252.h5
./data_sbc/simrun_525.h5
./data_sbc/simrun_36.h5
./data_sbc/simrun_450.h5
./data_sbc/simrun_611.h5
./data_sbc/simrun_552.h5
./data_sbc/simrun_255.h5
./data_sbc/simrun_812.h5
./data_sbc/simrun_460.h5
./data_sbc/simrun_822.h5
./data_sbc/simrun_751.h5
./data_sbc/simrun_419.h5
./data_sbc/simrun_219.h5
./data_sbc/simrun_968.h5
./data_sbc/simrun_825.h5
./data_sbc/simrun_348.h5
./data_sbc/simrun_61.h5
./data_sbc/simrun_706.h5
./data_sbc/simrun_294.h5
./data_sbc/simrun_653.h5
./data_sbc/simrun_471.h5
./data_sbc/simrun_391.h5
./data_sbc/simrun_780.h5
./data_sbc/simrun_574.h5
./data_sbc/simrun_501.h5
./data_sbc/simrun_153.h5
./data_sbc/simrun_484.h5
./data_sbc/simrun_598.h5
./data_sbc/simrun_795.h5
./data_sbc/simrun_569.h5
./data_sbc/simrun_577.h5
./data_sbc/simrun_104.h5
./data_sbc/simrun_107.h5
./data_sbc/simrun_852.h5
./data_sbc/simrun_498.h5
./data_sbc/simrun_333.h5
./data_sbc/simrun_864.h5
./data_sbc/simrun_855.h5
./data_sbc/simrun_831.h5
./data_sbc/simrun_757.h5
./data_sbc/simrun_338.h5
./data_sbc/simrun_987.h5
./data_sbc/simrun_42.h5
./data_sbc/simrun_604.h5
./data_sbc/simrun_174.h5
./data_sbc/simrun_345.h5
./data_sbc/simrun_747.h5
./data_sbc/simrun_940.h5
./data_sbc/simrun_298.h5
./data_sbc/simrun_259.h5
./data_sbc/simrun_996.h5
./data_sbc/simrun_180.h5
./data_sbc/simrun_191.h5
./data_sbc/simrun_81.h5
./data_sbc/simrun_434.h5
./data_sbc/simrun_659.h5
./data_sbc/simrun_280.h5
./data_sbc/simrun_397.h5
./data_sbc/simrun_649.h5
./data_sbc/simrun_227.h5
./data_sbc/simrun_56.h5
./data_sbc/simrun_305.h5
./data_sbc/simrun_221.h5
./data_sbc/simrun_458.h5
./data_sbc/simrun_931.h5
./data_sbc/simrun_628.h5
./data_sbc/simrun_89.h5
./data_sbc/simrun_359.h5
./data_sbc/simrun_888.h5
./data_sbc/simrun_363.h5
./data_sbc/simrun_885.h5
./data_sbc/simrun_45.h5
./data_sbc/simrun_671.h5
./data_sbc/simrun_197.h5
./data_sbc/simrun_218.h5
./data_sbc/simrun_327.h5
./data_sbc/simrun_103.h5
./data_sbc/simrun_265.h5
./data_sbc/simrun_718.h5
./data_sbc/simrun_216.h5
./data_sbc/simrun_961.h5
./data_sbc/simrun_27.h5
./data_sbc/simrun_930.h5
./data_sbc/simrun_185.h5
./data_sbc/simrun_627.h5
./data_sbc/simrun_582.h5
./data_sbc/simrun_69.h5
./data_sbc/simrun_589.h5
./data_sbc/simrun_651.h5
./data_sbc/simrun_690.h5
./data_sbc/simrun_691.h5
./data_sbc/simrun_626.h5
./data_sbc/simrun_422.h5
./data_sbc/simrun_767.h5
./data_sbc/simrun_770.h5
./data_sbc/simrun_851.h5
./data_sbc/simrun_692.h5
./data_sbc/simrun_679.h5
./data_sbc/simrun_723.h5
./data_sbc/simrun_421.h5
./data_sbc/simrun_63.h5
./data_sbc/simrun_102.h5
./data_sbc/simrun_744.h5
./data_sbc/simrun_836.h5
./data_sbc/simrun_622.h5
./data_sbc/simrun_135.h5
./data_sbc/simrun_716.h5
./data_sbc/simrun_677.h5
./data_sbc/simrun_894.h5
./data_sbc/simrun_370.h5
./data_sbc/simrun_105.h5
./data_sbc/simrun_403.h5
./data_sbc/simrun_755.h5
./data_sbc/simrun_310.h5
./data_sbc/simrun_101.h5
./data_sbc/simrun_573.h5
./data_sbc/simrun_150.h5
./data_sbc/simrun_262.h5
./data_sbc/simrun_533.h5
./data_sbc/simrun_314.h5
./data_sbc/simrun_568.h5
./data_sbc/simrun_860.h5
./data_sbc/simrun_571.h5
./data_sbc/simrun_799.h5
./data_sbc/simrun_824.h5
./data_sbc/simrun_775.h5
./data_sbc/simrun_199.h5
./data_sbc/simrun_261.h5
./data_sbc/simrun_654.h5
./data_sbc/simrun_276.h5
./data_sbc/simrun_890.h5
./data_sbc/simrun_870.h5
./data_sbc/simrun_404.h5
./data_sbc/simrun_304.h5
./data_sbc/simrun_903.h5
./data_sbc/simrun_663.h5
./data_sbc/simrun_131.h5
./data_sbc/simrun_325.h5
./data_sbc/simrun_505.h5
./data_sbc/simrun_981.h5
./data_sbc/simrun_943.h5
./data_sbc/simrun_756.h5
./data_sbc/simrun_502.h5
./data_sbc/simrun_826.h5
./data_sbc/simrun_551.h5
./data_sbc/simrun_127.h5
./data_sbc/simrun_504.h5
./data_sbc/simrun_138.h5
./data_sbc/simrun_235.h5
./data_sbc/simrun_309.h5
./data_sbc/simrun_926.h5
./data_sbc/simrun_814.h5
./data_sbc/simrun_241.h5
./data_sbc/simrun_606.h5
./data_sbc/simrun_284.h5
./data_sbc/simrun_444.h5
./data_sbc/simrun_394.h5
./data_sbc/simrun_927.h5
./data_sbc/simrun_302.h5
./data_sbc/simrun_886.h5
./data_sbc/simrun_713.h5
./data_sbc/simrun_922.h5
./data_sbc/simrun_778.h5
./data_sbc/simrun_99.h5
./data_sbc/simrun_711.h5
./data_sbc/simrun_482.h5
./data_sbc/simrun_882.h5
./data_sbc/simrun_900.h5
./data_sbc/simrun_279.h5
./data_sbc/simrun_980.h5
./data_sbc/simrun_960.h5
./data_sbc/simrun_696.h5
./data_sbc/simrun_881.h5
./data_sbc/simrun_817.h5
./data_sbc/simrun_761.h5
./data_sbc/simrun_100.h5
./data_sbc/simrun_275.h5
./data_sbc/simrun_883.h5
./data_sbc/simrun_90.h5
./data_sbc/simrun_369.h5
./data_sbc/simrun_665.h5
./data_sbc/simrun_354.h5
./data_sbc/simrun_233.h5
./data_sbc/simrun_449.h5
./data_sbc/simrun_410.h5
./data_sbc/simrun_740.h5
./data_sbc/simrun_141.h5
./data_sbc/simrun_32.h5
./data_sbc/simrun_446.h5
./data_sbc/simrun_344.h5
./data_sbc/simrun_918.h5
./data_sbc/simrun_660.h5
./data_sbc/simrun_140.h5
./data_sbc/simrun_910.h5
./data_sbc/simrun_416.h5
./data_sbc/simrun_80.h5
./data_sbc/simrun_789.h5
./data_sbc/simrun_618.h5
./data_sbc/simrun_867.h5
./data_sbc/simrun_567.h5
./data_sbc/simrun_521.h5
./data_sbc/simrun_514.h5
./data_sbc/simrun_73.h5
./data_sbc/simrun_385.h5
./data_sbc/simrun_658.h5
./data_sbc/simrun_788.h5
./data_sbc/simrun_85.h5
./data_sbc/simrun_25.h5
./data_sbc/simrun_792.h5
./data_sbc/simrun_168.h5
./data_sbc/simrun_975.h5
./data_sbc/simrun_14.h5
./data_sbc/simrun_164.h5
./data_sbc/simrun_396.h5
./data_sbc/simrun_554.h5
./data_sbc/simrun_152.h5
./data_sbc/simrun_772.h5
./data_sbc/simrun_134.h5
./data_sbc/statistics.npy
./data_sbc/simrun_381.h5
./data_sbc/simrun_72.h5
./data_sbc/simrun_110.h5
./data_sbc/simrun_578.h5
./data_sbc/simrun_18.h5
./data_sbc/simrun_698.h5
./data_sbc/simrun_376.h5
./data_sbc/simrun_637.h5
./data_sbc/simrun_244.h5
./data_sbc/simrun_49.h5
./data_sbc/simrun_44.h5
./data_sbc/simrun_409.h5
./data_sbc/simrun_133.h5
./data_sbc/simrun_144.h5
./data_sbc/simrun_301.h5
./data_sbc/simrun_120.h5
./data_sbc/simrun_948.h5
./data_sbc/simrun_356.h5
./data_sbc/simrun_260.h5
./data_sbc/simrun_318.h5
./data_sbc/simrun_474.h5
./data_sbc/simrun_455.h5
./data_sbc/simrun_149.h5
./data_sbc/simrun_286.h5
./data_sbc/simrun_483.h5
./data_sbc/simrun_875.h5
./data_sbc/simrun_944.h5
./data_sbc/simrun_492.h5
./data_sbc/simrun_731.h5
./data_sbc/simrun_316.h5
./data_sbc/data_sbc.tar.gz
./data_sbc/simrun_643.h5
./data_sbc/simrun_71.h5
./data_sbc/simrun_746.h5
./data_sbc/simrun_119.h5
./data_sbc/simrun_82.h5
./data_sbc/simrun_893.h5
./data_sbc/simrun_802.h5
./data_sbc/simrun_797.h5
./data_sbc/simrun_162.h5
./data_sbc/simrun_43.h5
./data_sbc/simrun_733.h5
./data_sbc/simrun_787.h5
./data_sbc/simrun_426.h5
./data_sbc/simrun_390.h5
./data_sbc/simrun_30.h5
./data_sbc/simrun_311.h5
./data_sbc/simrun_847.h5
./data_sbc/simrun_60.h5
./data_sbc/simrun_974.h5
./data_smol/
./data_smol/simrun_1329.h5
./data_smol/simrun_1794.h5
./data_smol/simrun_1856.h5
./data_smol/simrun_635.h5
./data_smol/simrun_923.h5
./data_smol/simrun_1819.h5
./data_smol/simrun_633.h5
./data_smol/simrun_784.h5
./data_smol/simrun_1753.h5
./data_smol/simrun_1513.h5
./data_smol/simrun_686.h5
./data_smol/simrun_1116.h5
./data_smol/simrun_1623.h5
./data_smol/simrun_1035.h5
./data_smol/simrun_845.h5
./data_smol/simrun_1250.h5
./data_smol/simrun_1870.h5
./data_smol/simrun_1835.h5
./data_smol/simrun_1817.h5
./data_smol/simrun_657.h5
./data_smol/simrun_541.h5
./data_smol/simrun_95.h5
./data_smol/simrun_1171.h5
./data_smol/simrun_1.h5
./data_smol/simrun_1646.h5
./data_smol/simrun_1606.h5
./data_smol/simrun_583.h5
./data_smol/simrun_1881.h5
./data_smol/simrun_1696.h5
./data_smol/simrun_1558.h5
./data_smol/simrun_277.h5
./data_smol/simrun_1170.h5
./data_smol/simrun_452.h5
./data_smol/simrun_78.h5
./data_smol/simrun_1007.h5
./data_smol/simrun_253.h5
./data_smol/simrun_322.h5
./data_smol/simrun_518.h5
./data_smol/simrun_1160.h5
./data_smol/simrun_79.h5
./data_smol/simrun_1399.h5
./data_smol/simrun_794.h5
./data_smol/simrun_1638.h5
./data_smol/simrun_1506.h5
./data_smol/simrun_878.h5
./data_smol/simrun_939.h5
./data_smol/simrun_212.h5
./data_smol/simrun_1225.h5
./data_smol/simrun_1660.h5
./data_smol/simrun_1796.h5
./data_smol/simrun_402.h5
./data_smol/simrun_991.h5
./data_smol/simrun_1813.h5
./data_smol/simrun_1066.h5
./data_smol/simrun_1415.h5
./data_smol/simrun_1933.h5
./data_smol/simrun_124.h5
./data_smol/simrun_906.h5
./data_smol/simrun_451.h5
./data_smol/simrun_237.h5
./data_smol/simrun_1231.h5
./data_smol/simrun_806.h5
./data_smol/simrun_1291.h5
./data_smol/simrun_194.h5
./data_smol/simrun_1139.h5
./data_smol/simrun_358.h5
./data_smol/simrun_290.h5
./data_smol/simrun_1857.h5
./data_smol/simrun_77.h5
./data_smol/simrun_1029.h5
./data_smol/simrun_1150.h5
./data_smol/simrun_1199.h5
./data_smol/simrun_1305.h5
./data_smol/simrun_8.h5
./data_smol/simrun_1716.h5
./data_smol/simrun_1371.h5
./data_smol/simrun_941.h5
./data_smol/simrun_946.h5
./data_smol/simrun_1652.h5
./data_smol/simrun_1526.h5
./data_smol/simrun_336.h5
./data_smol/simrun_1788.h5
./data_smol/simrun_520.h5
./data_smol/simrun_112.h5
./data_smol/simrun_915.h5
./data_smol/simrun_461.h5
./data_smol/simrun_1352.h5
./data_smol/simrun_352.h5
./data_smol/simrun_1850.h5
./data_smol/simrun_125.h5
./data_smol/simrun_1009.h5
./data_smol/simrun_1010.h5
./data_smol/simrun_1400.h5
./data_smol/simrun_1173.h5
./data_smol/simrun_1262.h5
./data_smol/simrun_463.h5
./data_smol/simrun_753.h5
./data_smol/simrun_1593.h5
./data_smol/simrun_303.h5
./data_smol/simrun_1530.h5
./data_smol/simrun_848.h5
./data_smol/simrun_732.h5
./data_smol/simrun_64.h5
./data_smol/simrun_1787.h5
./data_smol/simrun_741.h5
./data_smol/simrun_196.h5
./data_smol/simrun_1196.h5
./data_smol/simrun_23.h5
./data_smol/simrun_1762.h5
./data_smol/simrun_662.h5
./data_smol/simrun_1004.h5
./data_smol/simrun_856.h5
./data_smol/simrun_668.h5
./data_smol/simrun_638.h5
./data_smol/simrun_1543.h5
./data_smol/simrun_1943.h5
./data_smol/simrun_20.h5
./data_smol/simrun_522.h5
./data_smol/simrun_1897.h5
./data_smol/simrun_1654.h5
./data_smol/simrun_1708.h5
./data_smol/simrun_818.h5
./data_smol/simrun_1643.h5
./data_smol/simrun_1885.h5
./data_smol/simrun_50.h5
./data_smol/simrun_603.h5
./data_smol/simrun_1500.h5
./data_smol/simrun_1362.h5
./data_smol/simrun_1577.h5
./data_smol/simrun_266.h5
./data_smol/simrun_96.h5
./data_smol/simrun_815.h5
./data_smol/simrun_1810.h5
./data_smol/simrun_490.h5
./data_smol/simrun_536.h5
./data_smol/simrun_347.h5
./data_smol/simrun_938.h5
./data_smol/simrun_10.h5
./data_smol/simrun_462.h5
./data_smol/simrun_697.h5
./data_smol/simrun_1347.h5
./data_smol/simrun_1904.h5
./data_smol/simrun_1609.h5
./data_smol/simrun_532.h5
./data_smol/simrun_97.h5
./data_smol/simrun_1862.h5
./data_smol/simrun_877.h5
./data_smol/simrun_644.h5
./data_smol/simrun_1192.h5
./data_smol/simrun_46.h5
./data_smol/simrun_160.h5
./data_smol/simrun_1518.h5
./data_smol/simrun_1830.h5
./data_smol/simrun_1629.h5
./data_smol/simrun_412.h5
./data_smol/simrun_1137.h5
./data_smol/simrun_947.h5
./data_smol/simrun_777.h5
./data_smol/simrun_1533.h5
./data_smol/simrun_1093.h5
./data_smol/simrun_1936.h5
./data_smol/simrun_1909.h5
./data_smol/simrun_242.h5
./data_smol/simrun_902.h5
./data_smol/simrun_488.h5
./data_smol/simrun_1421.h5
./data_smol/simrun_1531.h5
./data_smol/simrun_1469.h5
./data_smol/simrun_963.h5
./data_smol/simrun_243.h5
./data_smol/simrun_1715.h5
./data_smol/simrun_675.h5
./data_smol/simrun_1743.h5
./data_smol/simrun_1114.h5
./data_smol/simrun_854.h5
./data_smol/simrun_1504.h5
./data_smol/simrun_1892.h5
./data_smol/simrun_1282.h5
./data_smol/simrun_1601.h5
./data_smol/simrun_934.h5
./data_smol/simrun_672.h5
./data_smol/simrun_624.h5
./data_smol/simrun_1532.h5
./data_smol/simrun_912.h5
./data_smol/simrun_1775.h5
./data_smol/simrun_739.h5
./data_smol/simrun_1437.h5
./data_smol/simrun_1000.h5
./data_smol/simrun_612.h5
./data_smol/simrun_98.h5
./data_smol/simrun_1393.h5
./data_smol/simrun_17.h5
./data_smol/simrun_1201.h5
./data_smol/simrun_1947.h5
./data_smol/simrun_429.h5
./data_smol/simrun_1323.h5
./data_smol/simrun_435.h5
./data_smol/simrun_1289.h5
./data_smol/simrun_1455.h5
./data_smol/simrun_1877.h5
./data_smol/simrun_1128.h5
./data_smol/simrun_475.h5
./data_smol/simrun_378.h5
./data_smol/simrun_782.h5
./data_smol/simrun_1133.h5
./data_smol/simrun_1941.h5
./data_smol/simrun_1438.h5
./data_smol/simrun_1541.h5
./data_smol/simrun_1795.h5
./data_smol/simrun_321.h5
./data_smol/simrun_232.h5
./data_smol/simrun_1034.h5
./data_smol/simrun_361.h5
./data_smol/simrun_1138.h5
./data_smol/simrun_375.h5
./data_smol/simrun_114.h5
./data_smol/simrun_699.h5
./data_smol/simrun_994.h5
./data_smol/simrun_1774.h5
./data_smol/simrun_538.h5
./data_smol/simrun_1657.h5
./data_smol/simrun_1479.h5
./data_smol/simrun_572.h5
./data_smol/simrun_1831.h5
./data_smol/simrun_406.h5
./data_smol/simrun_793.h5
./data_smol/simrun_1712.h5
./data_smol/simrun_201.h5
./data_smol/simrun_1914.h5
./data_smol/simrun_269.h5
./data_smol/simrun_1848.h5
./data_smol/simrun_1295.h5
./data_smol/simrun_1222.h5
./data_smol/simrun_1809.h5
./data_smol/simrun_40.h5
./data_smol/simrun_1414.h5
./data_smol/simrun_1566.h5
./data_smol/simrun_464.h5
./data_smol/simrun_1391.h5
./data_smol/simrun_213.h5
./data_smol/simrun_431.h5
./data_smol/simrun_588.h5
./data_smol/simrun_666.h5
./data_smol/simrun_1551.h5
./data_smol/simrun_1238.h5
./data_smol/simrun_983.h5
./data_smol/simrun_959.h5
./data_smol/simrun_1578.h5
./data_smol/simrun_1220.h5
./data_smol/simrun_558.h5
./data_smol/simrun_759.h5
./data_smol/simrun_1144.h5
./data_smol/simrun_15.h5
./data_smol/simrun_285.h5
./data_smol/simrun_448.h5
./data_smol/simrun_1906.h5
./data_smol/simrun_1453.h5
./data_smol/simrun_1511.h5
./data_smol/simrun_267.h5
./data_smol/simrun_529.h5
./data_smol/simrun_951.h5
./data_smol/simrun_188.h5
./data_smol/simrun_364.h5
./data_smol/simrun_973.h5
./data_smol/simrun_161.h5
./data_smol/simrun_1639.h5
./data_smol/simrun_1002.h5
./data_smol/simrun_605.h5
./data_smol/simrun_800.h5
./data_smol/simrun_1294.h5
./data_smol/simrun_858.h5
./data_smol/simrun_1937.h5
./data_smol/simrun_640.h5
./data_smol/simrun_1784.h5
./data_smol/simrun_1704.h5
./data_smol/simrun_1662.h5
./data_smol/simrun_224.h5
./data_smol/simrun_1121.h5
./data_smol/simrun_1814.h5
./data_smol/simrun_726.h5
./data_smol/simrun_236.h5
./data_smol/simrun_1928.h5
./data_smol/simrun_420.h5
./data_smol/simrun_1729.h5
./data_smol/simrun_917.h5
./data_smol/simrun_31.h5
./data_smol/simrun_1911.h5
./data_smol/simrun_920.h5
./data_smol/simrun_1148.h5
./data_smol/simrun_1702.h5
./data_smol/simrun_503.h5
./data_smol/simrun_511.h5
./data_smol/simrun_183.h5
./data_smol/simrun_621.h5
./data_smol/simrun_1248.h5
./data_smol/simrun_942.h5
./data_smol/simrun_1868.h5
./data_smol/simrun_1306.h5
./data_smol/simrun_1632.h5
./data_smol/simrun_748.h5
./data_smol/simrun_595.h5
./data_smol/simrun_254.h5
./data_smol/simrun_1807.h5
./data_smol/simrun_315.h5
./data_smol/simrun_7.h5
./data_smol/simrun_913.h5
./data_smol/simrun_1481.h5
./data_smol/simrun_1221.h5
./data_smol/simrun_323.h5
./data_smol/simrun_1386.h5
./data_smol/simrun_708.h5
./data_smol/simrun_1698.h5
./data_smol/simrun_1801.h5
./data_smol/simrun_1037.h5
./data_smol/simrun_155.h5
./data_smol/simrun_1206.h5
./data_smol/simrun_1435.h5
./data_smol/simrun_1880.h5
./data_smol/simrun_368.h5
./data_smol/simrun_914.h5
./data_smol/simrun_1615.h5
./data_smol/simrun_1785.h5
./data_smol/simrun_891.h5
./data_smol/simrun_1576.h5
./data_smol/simrun_132.h5
./data_smol/simrun_1112.h5
./data_smol/simrun_377.h5
./data_smol/simrun_1346.h5
./data_smol/simrun_1436.h5
./data_smol/simrun_1621.h5
./data_smol/simrun_139.h5
./data_smol/simrun_264.h5
./data_smol/simrun_528.h5
./data_smol/simrun_1670.h5
./data_smol/simrun_714.h5
./data_smol/simrun_1734.h5
./data_smol/simrun_619.h5
./data_smol/simrun_166.h5
./data_smol/simrun_1465.h5
./data_smol/simrun_750.h5
./data_smol/simrun_1701.h5
./data_smol/simrun_1584.h5
./data_smol/simrun_868.h5
./data_smol/simrun_1203.h5
./data_smol/simrun_1690.h5
./data_smol/simrun_1176.h5
./data_smol/simrun_1217.h5
./data_smol/simrun_1780.h5
./data_smol/simrun_945.h5
./data_smol/simrun_130.h5
./data_smol/simrun_1908.h5
./data_smol/simrun_1682.h5
./data_smol/simrun_1064.h5
./data_smol/simrun_1739.h5
./data_smol/simrun_1684.h5
./data_smol/simrun_1749.h5
./data_smol/simrun_1271.h5
./data_smol/simrun_193.h5
./data_smol/simrun_803.h5
./data_smol/simrun_547.h5
./data_smol/simrun_123.h5
./data_smol/simrun_106.h5
./data_smol/simrun_1215.h5
./data_smol/simrun_1134.h5
./data_smol/simrun_1587.h5
./data_smol/simrun_625.h5
./data_smol/simrun_1106.h5
./data_smol/simrun_929.h5
./data_smol/simrun_809.h5
./data_smol/simrun_1103.h5
./data_smol/simrun_1326.h5
./data_smol/simrun_1478.h5
./data_smol/simrun_1488.h5
./data_smol/simrun_1514.h5
./data_smol/simrun_997.h5
./data_smol/simrun_1821.h5
./data_smol/simrun_75.h5
./data_smol/simrun_614.h5
./data_smol/simrun_1732.h5
./data_smol/simrun_1695.h5
./data_smol/simrun_728.h5
./data_smol/simrun_192.h5
./data_smol/simrun_736.h5
./data_smol/simrun_1200.h5
./data_smol/simrun_1382.h5
./data_smol/simrun_1308.h5
./data_smol/simrun_1046.h5
./data_smol/simrun_1242.h5
./data_smol/simrun_33.h5
./data_smol/simrun_91.h5
./data_smol/simrun_1439.h5
./data_smol/simrun_1280.h5
./data_smol/simrun_656.h5
./data_smol/simrun_22.h5
./data_smol/simrun_1854.h5
./data_smol/simrun_916.h5
./data_smol/simrun_1279.h5
./data_smol/simrun_969.h5
./data_smol/simrun_835.h5
./data_smol/simrun_115.h5
./data_smol/simrun_615.h5
./data_smol/simrun_965.h5
./data_smol/simrun_703.h5
./data_smol/simrun_59.h5
./data_smol/simrun_717.h5
./data_smol/simrun_1336.h5
./data_smol/simrun_93.h5
./data_smol/simrun_5.h5
./data_smol/simrun_204.h5
./data_smol/simrun_1547.h5
./data_smol/simrun_557.h5
./data_smol/simrun_773.h5
./data_smol/simrun_372.h5
./data_smol/simrun_1707.h5
./data_smol/simrun_1879.h5
./data_smol/simrun_999.h5
./data_smol/simrun_1283.h5
./data_smol/simrun_54.h5
./data_smol/simrun_38.h5
./data_smol/simrun_1085.h5
./data_smol/simrun_167.h5
./data_smol/simrun_142.h5
./data_smol/simrun_1241.h5
./data_smol/simrun_872.h5
./data_smol/simrun_1180.h5
./data_smol/simrun_1456.h5
./data_smol/simrun_181.h5
./data_smol/simrun_844.h5
./data_smol/simrun_1846.h5
./data_smol/simrun_749.h5
./data_smol/simrun_601.h5
./data_smol/simrun_769.h5
./data_smol/simrun_1235.h5
./data_smol/simrun_1273.h5
./data_smol/simrun_1274.h5
./data_smol/simrun_1094.h5
./data_smol/simrun_990.h5
./data_smol/simrun_441.h5
./data_smol/simrun_226.h5
./data_smol/simrun_1864.h5
./data_smol/simrun_1878.h5
./data_smol/simrun_157.h5
./data_smol/simrun_170.h5
./data_smol/simrun_928.h5
./data_smol/simrun_1428.h5
./data_smol/simrun_206.h5
./data_smol/simrun_1076.h5
./data_smol/simrun_524.h5
./data_smol/simrun_616.h5
./data_smol/simrun_228.h5
./data_smol/simrun_670.h5
./data_smol/simrun_841.h5
./data_smol/simrun_362.h5
./data_smol/simrun_1678.h5
./data_smol/simrun_1310.h5
./data_smol/simrun_743.h5
./data_smol/simrun_330.h5
./data_smol/simrun_1613.h5
./data_smol/simrun_1183.h5
./data_smol/simrun_478.h5
./data_smol/simrun_971.h5
./data_smol/simrun_306.h5
./data_smol/simrun_283.h5
./data_smol/simrun_1945.h5
./data_smol/simrun_1398.h5
./data_smol/simrun_467.h5
./data_smol/simrun_560.h5
./data_smol/simrun_600.h5
./data_smol/simrun_1838.h5
./data_smol/simrun_1065.h5
./data_smol/simrun_331.h5
./data_smol/simrun_1169.h5
./data_smol/simrun_801.h5
./data_smol/simrun_1926.h5
./data_smol/simrun_473.h5
./data_smol/simrun_1841.h5
./data_smol/simrun_154.h5
./data_smol/simrun_1459.h5
./data_smol/simrun_543.h5
./data_smol/simrun_1467.h5
./data_smol/simrun_1404.h5
./data_smol/simrun_116.h5
./data_smol/simrun_1351.h5
./data_smol/simrun_342.h5
./data_smol/simrun_1564.h5
./data_smol/simrun_1874.h5
./data_smol/simrun_859.h5
./data_smol/simrun_1489.h5
./data_smol/simrun_695.h5
./data_smol/simrun_252.h5
./data_smol/simrun_729.h5
./data_smol/simrun_525.h5
./data_smol/simrun_1440.h5
./data_smol/simrun_450.h5
./data_smol/simrun_1316.h5
./data_smol/simrun_1182.h5
./data_smol/simrun_1157.h5
./data_smol/simrun_611.h5
./data_smol/simrun_1873.h5
./data_smol/simrun_874.h5
./data_smol/simrun_255.h5
./data_smol/simrun_1177.h5
./data_smol/simrun_584.h5
./data_smol/simrun_414.h5
./data_smol/simrun_1490.h5
./data_smol/simrun_1036.h5
./data_smol/simrun_1800.h5
./data_smol/simrun_1113.h5
./data_smol/simrun_460.h5
./data_smol/simrun_1090.h5
./data_smol/simrun_1179.h5
./data_smol/simrun_1610.h5
./data_smol/simrun_447.h5
./data_smol/simrun_1917.h5
./data_smol/simrun_1373.h5
./data_smol/simrun_1427.h5
./data_smol/simrun_219.h5
./data_smol/simrun_1312.h5
./data_smol/simrun_607.h5
./data_smol/simrun_294.h5
./data_smol/simrun_111.h5
./data_smol/simrun_998.h5
./data_smol/simrun_653.h5
./data_smol/simrun_1859.h5
./data_smol/simrun_768.h5
./data_smol/simrun_471.h5
./data_smol/simrun_1345.h5
./data_smol/simrun_1049.h5
./data_smol/simrun_1118.h5
./data_smol/simrun_1357.h5
./data_smol/simrun_424.h5
./data_smol/simrun_391.h5
./data_smol/simrun_1358.h5
./data_smol/simrun_1213.h5
./data_smol/simrun_1515.h5
./data_smol/simrun_1510.h5
./data_smol/simrun_415.h5
./data_smol/simrun_574.h5
./data_smol/simrun_1249.h5
./data_smol/simrun_153.h5
./data_smol/simrun_956.h5
./data_smol/simrun_598.h5
./data_smol/simrun_274.h5
./data_smol/simrun_795.h5
./data_smol/simrun_1865.h5
./data_smol/simrun_1691.h5
./data_smol/simrun_563.h5
./data_smol/simrun_1894.h5
./data_smol/simrun_1127.h5
./data_smol/simrun_569.h5
./data_smol/simrun_887.h5
./data_smol/simrun_1003.h5
./data_smol/simrun_577.h5
./data_smol/simrun_1224.h5
./data_smol/simrun_1027.h5
./data_smol/simrun_515.h5
./data_smol/simrun_575.h5
./data_smol/simrun_107.h5
./data_smol/simrun_1401.h5
./data_smol/simrun_852.h5
./data_smol/simrun_1063.h5
./data_smol/simrun_1136.h5
./data_smol/simrun_550.h5
./data_smol/simrun_864.h5
./data_smol/simrun_855.h5
./data_smol/simrun_338.h5
./data_smol/simrun_472.h5
./data_smol/simrun_987.h5
./data_smol/simrun_1596.h5
./data_smol/simrun_190.h5
./data_smol/simrun_1502.h5
./data_smol/simrun_604.h5
./data_smol/simrun_1550.h5
./data_smol/simrun_1484.h5
./data_smol/simrun_345.h5
./data_smol/simrun_747.h5
./data_smol/simrun_1586.h5
./data_smol/simrun_940.h5
./data_smol/simrun_1847.h5
./data_smol/simrun_298.h5
./data_smol/simrun_259.h5
./data_smol/simrun_180.h5
./data_smol/simrun_617.h5
./data_smol/simrun_191.h5
./data_smol/simrun_1300.h5
./data_smol/simrun_81.h5
./data_smol/simrun_246.h5
./data_smol/simrun_434.h5
./data_smol/simrun_1861.h5
./data_smol/simrun_531.h5
./data_smol/simrun_374.h5
./data_smol/simrun_1697.h5
./data_smol/simrun_1418.h5
./data_smol/simrun_1487.h5
./data_smol/simrun_659.h5
./data_smol/simrun_779.h5
./data_smol/simrun_280.h5
./data_smol/simrun_1243.h5
./data_smol/simrun_1581.h5
./data_smol/simrun_921.h5
./data_smol/simrun_972.h5
./data_smol/simrun_1545.h5
./data_smol/simrun_397.h5
./data_smol/simrun_776.h5
./data_smol/simrun_70.h5
./data_smol/simrun_593.h5
./data_smol/simrun_649.h5
./data_smol/simrun_1524.h5
./data_smol/simrun_1823.h5
./data_smol/simrun_225.h5
./data_smol/simrun_1277.h5
./data_smol/simrun_1761.h5
./data_smol/simrun_1706.h5
./data_smol/simrun_1101.h5
./data_smol/simrun_221.h5
./data_smol/simrun_931.h5
./data_smol/simrun_359.h5
./data_smol/simrun_888.h5
./data_smol/simrun_200.h5
./data_smol/simrun_203.h5
./data_smol/simrun_1494.h5
./data_smol/simrun_885.h5
./data_smol/simrun_245.h5
./data_smol/simrun_1628.h5
./data_smol/simrun_1267.h5
./data_smol/simrun_519.h5
./data_smol/simrun_904.h5
./data_smol/simrun_1410.h5
./data_smol/simrun_218.h5
./data_smol/simrun_995.h5
./data_smol/simrun_103.h5
./data_smol/simrun_1668.h5
./data_smol/simrun_1766.h5
./data_smol/simrun_1648.h5
./data_smol/simrun_718.h5
./data_smol/simrun_216.h5
./data_smol/simrun_2.h5
./data_smol/simrun_961.h5
./data_smol/simrun_1123.h5
./data_smol/simrun_27.h5
./data_smol/simrun_1754.h5
./data_smol/simrun_172.h5
./data_smol/simrun_1341.h5
./data_smol/simrun_1686.h5
./data_smol/simrun_1659.h5
./data_smol/simrun_930.h5
./data_smol/simrun_1332.h5
./data_smol/simrun_1216.h5
./data_smol/simrun_805.h5
./data_smol/simrun_1557.h5
./data_smol/simrun_349.h5
./data_smol/simrun_821.h5
./data_smol/simrun_1304.h5
./data_smol/simrun_1733.h5
./data_smol/simrun_1100.h5
./data_smol/simrun_1820.h5
./data_smol/simrun_582.h5
./data_smol/simrun_69.h5
./data_smol/simrun_839.h5
./data_smol/simrun_1855.h5
./data_smol/simrun_651.h5
./data_smol/simrun_1146.h5
./data_smol/simrun_690.h5
./data_smol/simrun_691.h5
./data_smol/simrun_704.h5
./data_smol/simrun_1869.h5
./data_smol/simrun_770.h5
./data_smol/simrun_1117.h5
./data_smol/simrun_1430.h5
./data_smol/simrun_1115.h5
./data_smol/simrun_295.h5
./data_smol/simrun_851.h5
./data_smol/simrun_979.h5
./data_smol/simrun_1516.h5
./data_smol/simrun_692.h5
./data_smol/simrun_1637.h5
./data_smol/simrun_63.h5
./data_smol/simrun_1039.h5
./data_smol/simrun_1836.h5
./data_smol/simrun_281.h5
./data_smol/simrun_1770.h5
./data_smol/simrun_950.h5
./data_smol/simrun_400.h5
./data_smol/simrun_1935.h5
./data_smol/simrun_1808.h5
./data_smol/simrun_102.h5
./data_smol/simrun_1887.h5
./data_smol/simrun_1736.h5
./data_smol/simrun_976.h5
./data_smol/simrun_1519.h5
./data_smol/simrun_1693.h5
./data_smol/simrun_1006.h5
./data_smol/simrun_1226.h5
./data_smol/simrun_392.h5
./data_smol/simrun_744.h5
./data_smol/simrun_836.h5
./data_smol/simrun_1665.h5
./data_smol/simrun_647.h5
./data_smol/simrun_530.h5
./data_smol/simrun_413.h5
./data_smol/simrun_622.h5
./data_smol/simrun_631.h5
./data_smol/simrun_677.h5
./data_smol/simrun_1849.h5
./data_smol/simrun_894.h5
./data_smol/simrun_105.h5
./data_smol/simrun_1202.h5
./data_smol/simrun_403.h5
./data_smol/simrun_481.h5
./data_smol/simrun_150.h5
./data_smol/simrun_1680.h5
./data_smol/simrun_1883.h5
./data_smol/simrun_1724.h5
./data_smol/simrun_1685.h5
./data_smol/simrun_465.h5
./data_smol/simrun_1365.h5
./data_smol/simrun_418.h5
./data_smol/simrun_1710.h5
./data_smol/simrun_262.h5
./data_smol/simrun_137.h5
./data_smol/simrun_314.h5
./data_smol/simrun_1944.h5
./data_smol/simrun_34.h5
./data_smol/simrun_568.h5
./data_smol/simrun_860.h5
./data_smol/simrun_1804.h5
./data_smol/simrun_571.h5
./data_smol/simrun_1598.h5
./data_smol/simrun_317.h5
./data_smol/simrun_954.h5
./data_smol/simrun_824.h5
./data_smol/simrun_775.h5
./data_smol/simrun_1403.h5
./data_smol/simrun_507.h5
./data_smol/simrun_1186.h5
./data_smol/simrun_727.h5
./data_smol/simrun_1088.h5
./data_smol/simrun_654.h5
./data_smol/simrun_395.h5
./data_smol/simrun_276.h5
./data_smol/simrun_1197.h5
./data_smol/simrun_510.h5
./data_smol/simrun_1413.h5
./data_smol/simrun_1645.h5
./data_smol/simrun_143.h5
./data_smol/simrun_565.h5
./data_smol/simrun_1448.h5
./data_smol/simrun_870.h5
./data_smol/simrun_404.h5
./data_smol/simrun_1083.h5
./data_smol/simrun_590.h5
./data_smol/simrun_903.h5
./data_smol/simrun_1043.h5
./data_smol/simrun_1425.h5
./data_smol/simrun_117.h5
./data_smol/simrun_1631.h5
./data_smol/simrun_1210.h5
./data_smol/simrun_1603.h5
./data_smol/simrun_544.h5
./data_smol/simrun_725.h5
./data_smol/simrun_1340.h5
./data_smol/simrun_505.h5
./data_smol/simrun_981.h5
./data_smol/simrun_943.h5
./data_smol/simrun_1891.h5
./data_smol/simrun_829.h5
./data_smol/simrun_551.h5
./data_smol/simrun_248.h5
./data_smol/simrun_127.h5
./data_smol/simrun_1608.h5
./data_smol/simrun_138.h5
./data_smol/simrun_1325.h5
./data_smol/simrun_1360.h5
./data_smol/simrun_309.h5
./data_smol/simrun_1539.h5
./data_smol/simrun_1318.h5
./data_smol/simrun_494.h5
./data_smol/simrun_1512.h5
./data_smol/simrun_241.h5
./data_smol/simrun_1925.h5
./data_smol/simrun_1266.h5
./data_smol/simrun_1184.h5
./data_smol/simrun_271.h5
./data_smol/simrun_156.h5
./data_smol/simrun_781.h5
./data_smol/simrun_1195.h5
./data_smol/simrun_1334.h5
./data_smol/simrun_606.h5
./data_smol/simrun_284.h5
./data_smol/simrun_895.h5
./data_smol/simrun_394.h5
./data_smol/simrun_1565.h5
./data_smol/simrun_24.h5
./data_smol/simrun_964.h5
./data_smol/simrun_1068.h5
./data_smol/simrun_1099.h5
./data_smol/simrun_1205.h5
./data_smol/simrun_454.h5
./data_smol/simrun_537.h5
./data_smol/simrun_886.h5
./data_smol/simrun_1851.h5
./data_smol/simrun_1011.h5
./data_smol/simrun_1161.h5
./data_smol/simrun_778.h5
./data_smol/simrun_1824.h5
./data_smol/simrun_1594.h5
./data_smol/simrun_128.h5
./data_smol/simrun_1394.h5
./data_smol/simrun_1620.h5
./data_smol/simrun_1281.h5
./data_smol/simrun_1522.h5
./data_smol/simrun_1822.h5
./data_smol/simrun_711.h5
./data_smol/simrun_346.h5
./data_smol/simrun_1253.h5
./data_smol/simrun_482.h5
./data_smol/simrun_900.h5
./data_smol/simrun_308.h5
./data_smol/simrun_980.h5
./data_smol/simrun_1320.h5
./data_smol/simrun_1486.h5
./data_smol/simrun_1491.h5
./data_smol/simrun_1918.h5
./data_smol/simrun_1163.h5
./data_smol/simrun_229.h5
./data_smol/simrun_696.h5
./data_smol/simrun_1625.h5
./data_smol/simrun_1047.h5
./data_smol/simrun_817.h5
./data_smol/simrun_100.h5
./data_smol/simrun_83.h5
./data_smol/simrun_667.h5
./data_smol/simrun_688.h5
./data_smol/simrun_1244.h5
./data_smol/simrun_251.h5
./data_smol/simrun_1285.h5
./data_smol/simrun_1229.h5
./data_smol/simrun_620.h5
./data_smol/simrun_1299.h5
./data_smol/simrun_275.h5
./data_smol/simrun_1390.h5
./data_smol/simrun_883.h5
./data_smol/simrun_90.h5
./data_smol/simrun_247.h5
./data_smol/simrun_1416.h5
./data_smol/simrun_369.h5
./data_smol/simrun_1293.h5
./data_smol/simrun_84.h5
./data_smol/simrun_665.h5
./data_smol/simrun_1889.h5
./data_smol/simrun_1852.h5
./data_smol/simrun_1317.h5
./data_smol/simrun_1689.h5
./data_smol/simrun_449.h5
./data_smol/simrun_1276.h5
./data_smol/simrun_1585.h5
./data_smol/simrun_1270.h5
./data_smol/simrun_810.h5
./data_smol/simrun_740.h5
./data_smol/simrun_1676.h5
./data_smol/simrun_1886.h5
./data_smol/simrun_32.h5
./data_smol/simrun_513.h5
./data_smol/simrun_250.h5
./data_smol/simrun_87.h5
./data_smol/simrun_1920.h5
./data_smol/simrun_292.h5
./data_smol/simrun_446.h5
./data_smol/simrun_1389.h5
./data_smol/simrun_1233.h5
./data_smol/simrun_1328.h5
./data_smol/simrun_344.h5
./data_smol/simrun_1143.h5
./data_smol/simrun_918.h5
./data_smol/simrun_1364.h5
./data_smol/simrun_1692.h5
./data_smol/simrun_660.h5
./data_smol/simrun_140.h5
./data_smol/simrun_910.h5
./data_smol/simrun_80.h5
./data_smol/simrun_1023.h5
./data_smol/simrun_789.h5
./data_smol/simrun_618.h5
./data_smol/simrun_26.h5
./data_smol/simrun_1260.h5
./data_smol/simrun_1432.h5
./data_smol/simrun_669.h5
./data_smol/simrun_1363.h5
./data_smol/simrun_561.h5
./data_smol/simrun_1534.h5
./data_smol/simrun_553.h5
./data_smol/simrun_1052.h5
./data_smol/simrun_514.h5
./data_smol/simrun_1059.h5
./data_smol/simrun_335.h5
./data_smol/simrun_658.h5
./data_smol/simrun_85.h5
./data_smol/simrun_1018.h5
./data_smol/simrun_238.h5
./data_smol/simrun_792.h5
./data_smol/simrun_1793.h5
./data_smol/simrun_1302.h5
./data_smol/simrun_320.h5
./data_smol/simrun_11.h5
./data_smol/simrun_1194.h5
./data_smol/simrun_975.h5
./data_smol/simrun_1313.h5
./data_smol/simrun_639.h5
./data_smol/simrun_819.h5
./data_smol/simrun_1728.h5
./data_smol/simrun_1649.h5
./data_smol/simrun_164.h5
./data_smol/simrun_599.h5
./data_smol/simrun_1612.h5
./data_smol/simrun_734.h5
./data_smol/simrun_554.h5
./data_smol/simrun_1407.h5
./data_smol/simrun_772.h5
./data_smol/simrun_676.h5
./data_smol/simrun_1893.h5
./data_smol/simrun_539.h5
./data_smol/simrun_1330.h5
./data_smol/simrun_1422.h5
./data_smol/simrun_1811.h5
./data_smol/simrun_223.h5
./data_smol/simrun_721.h5
./data_smol/simrun_1509.h5
./data_smol/simrun_1458.h5
./data_smol/simrun_381.h5
./data_smol/simrun_1367.h5
./data_smol/simrun_1297.h5
./data_smol/simrun_110.h5
./data_smol/simrun_18.h5
./data_smol/simrun_1335.h5
./data_smol/simrun_51.h5
./data_smol/simrun_41.h5
./data_smol/simrun_1319.h5
./data_smol/simrun_244.h5
./data_smol/simrun_1876.h5
./data_smol/simrun_919.h5
./data_smol/simrun_1627.h5
./data_smol/simrun_1408.h5
./data_smol/simrun_911.h5
./data_smol/simrun_1559.h5
./data_smol/simrun_1468.h5
./data_smol/simrun_1097.h5
./data_smol/simrun_1832.h5
./data_smol/simrun_133.h5
./data_smol/simrun_1298.h5
./data_smol/simrun_1119.h5
./data_smol/simrun_1211.h5
./data_smol/simrun_1359.h5
./data_smol/simrun_1630.h5
./data_smol/simrun_1834.h5
./data_smol/simrun_585.h5
./data_smol/simrun_1782.h5
./data_smol/simrun_439.h5
./data_smol/simrun_1084.h5
./data_smol/simrun_1454.h5
./data_smol/simrun_301.h5
./data_smol/simrun_648.h5
./data_smol/simrun_1485.h5
./data_smol/simrun_1060.h5
./data_smol/simrun_120.h5
./data_smol/simrun_1366.h5
./data_smol/simrun_948.h5
./data_smol/simrun_489.h5
./data_smol/simrun_260.h5
./data_smol/simrun_1451.h5
./data_smol/simrun_1311.h5
./data_smol/simrun_1760.h5
./data_smol/simrun_318.h5
./data_smol/simrun_1156.h5
./data_smol/simrun_455.h5
./data_smol/simrun_1792.h5
./data_smol/simrun_1789.h5
./data_smol/simrun_1640.h5
./data_smol/simrun_500.h5
./data_smol/simrun_1012.h5
./data_smol/simrun_1124.h5
./data_smol/simrun_1075.h5
./data_smol/simrun_1845.h5
./data_smol/simrun_1147.h5
./data_smol/simrun_158.h5
./data_smol/simrun_1396.h5
./data_smol/simrun_1338.h5
./data_smol/simrun_1714.h5
./data_smol/simrun_1554.h5
./data_smol/simrun_316.h5
./data_smol/simrun_1713.h5
./data_smol/simrun_1574.h5
./data_smol/simrun_1875.h5
./data_smol/simrun_186.h5
./data_smol/simrun_587.h5
./data_smol/simrun_643.h5
./data_smol/simrun_1292.h5
./data_smol/simrun_1477.h5
./data_smol/simrun_1452.h5
./data_smol/simrun_496.h5
./data_smol/simrun_1721.h5
./data_smol/simrun_1562.h5
./data_smol/simrun_993.h5
./data_smol/simrun_1189.h5
./data_smol/simrun_1208.h5
./data_smol/simrun_1571.h5
./data_smol/simrun_1825.h5
./data_smol/simrun_82.h5
./data_smol/simrun_893.h5
./data_smol/simrun_1700.h5
./data_smol/simrun_1061.h5
./data_smol/simrun_1178.h5
./data_smol/simrun_162.h5
./data_smol/simrun_1214.h5
./data_smol/simrun_1842.h5
./data_smol/simrun_1072.h5
./data_smol/simrun_899.h5
./data_smol/simrun_709.h5
./data_smol/simrun_94.h5
./data_smol/simrun_293.h5
./data_smol/simrun_1480.h5
./data_smol/simrun_1457.h5
./data_smol/simrun_1129.h5
./data_smol/simrun_1348.h5
./data_smol/simrun_787.h5
./data_smol/simrun_1149.h5
./data_smol/simrun_1604.h5
./data_smol/simrun_1370.h5
./data_smol/simrun_712.h5
./data_smol/simrun_426.h5
./data_smol/simrun_566.h5
./data_smol/simrun_390.h5
./data_smol/simrun_1555.h5
./data_smol/simrun_1383.h5
./data_smol/simrun_847.h5
./data_smol/simrun_1252.h5
./data_smol/simrun_974.h5
./data_smol/simrun_1089.h5
./data_smol/simrun_1377.h5
./data_smol/simrun_9.h5
./data_smol/simrun_689.h5
