Set initial parameters...
initialize Simulation class...
Search for existing fiducial lightcone...
Begin lightcone simulation ...
Parameter successfully refreshed.
Current parameters are:
astro_params: AstroParams:
    ALPHA_ESC       : -0.5
    ALPHA_STAR      : 0.5
    ALPHA_STAR_MINI : 0.5
    A_LW            : 2.0
    A_VCB           : 1.0
    BETA_LW         : 0.6
    BETA_VCB        : 1.8
    F_ESC10         : 0.1
    F_ESC7_MINI     : 0.01
    F_H2_SHIELD     : 0.0
    F_STAR10        : 0.05011872336272722
    F_STAR7_MINI    : 0.01
    HII_EFF_FACTOR  : 30
    ION_Tvir_MIN    : 100000
    L_X             : 10000000000000000000000000000000000000000
    L_X_MINI        : 1e+40
    M_TURN          : 501187233.6272715
    NU_X_THRESH     : 500
    N_RSD_STEPS     : 20
    R_BUBBLE_MAX    : 50.0
    X_RAY_SPEC_INDEX: 1.0
    X_RAY_Tvir_MIN  : 100000
    t_STAR          : 0.5
    
cosmo_params: CosmoParams:
    OMb        : 0.04897468161869667
    OMm        : 0.3
    POWER_INDEX: 0.9665
    SIGMA_8    : 0.8102
    hlittle    : 0.6766
    
user_params: UserParams:
    BOX_LEN                 : 160
    DIM                     : 120
    FAST_FCOLL_TABLES       : False
    HII_DIM                 : 40
    HMF                     : 1
    KEEP_3D_VELOCITIES      : False
    MINIMIZE_MEMORY         : False
    NON_CUBIC_FACTOR        : 1.0
    NO_RNG                  : False
    N_THREADS               : 16
    PERTURB_ON_HIGH_RES     : False
    POWER_SPECTRUM          : 0
    USE_2LPT                : True
    USE_FFTW_WISDOM         : False
    USE_INTERPOLATION_TABLES: True
    USE_RELATIVE_VELOCITIES : False
    
flag_options: FlagOptions:
    APPLY_RSDS             : True
    FIX_VCB_AVG            : False
    INHOMO_RECO            : True
    M_MIN_in_Mass          : False
    PHOTON_CONS            : False
    SUBCELL_RSD            : False
    USE_CMB_HEATING        : True
    USE_HALO_FIELD         : False
    USE_LYA_HEATING        : True
    USE_MASS_DEPENDENT_ZETA: False
    USE_MINI_HALOS         : False
    USE_TS_FLUCT           : True
    
global_params: {}
Done simulating. Do sanity check...
Sanity check passed. Write statistics...
Statistics written. Do filtering...
Filtering passed. Save or return file now.
Save  to disk...
New lightcone successfully computed and saved.
Search for existing summary statistics...
Existing summary statistics successfully loaded.
PS is  [[[3.20166604e+00 3.46523408e+00 2.63332171e+00 1.98899617e+00
   1.55318135e+00 1.51843092e+00 1.60261328e+00 1.59721764e+00
   1.84107023e+00 2.05162348e+00 2.40268126e+00 3.01493246e+00
   3.55504701e+00 4.38280102e+00 4.92415445e+00]
  [7.02317247e-02 1.47295584e-01 2.33113187e-01 3.21552000e-01
   4.10815529e-01 5.01147937e-01 5.91717973e-01 6.82189643e-01
   7.72021318e-01 8.60279821e-01 9.49853659e-01 1.03824898e+00
   1.12572640e+00 1.21357486e+00 1.29122703e+00]]

 [[1.21514220e+01 8.37666459e+00 7.99337577e+00 6.04868833e+00
   5.05055598e+00 4.66190594e+00 4.43729740e+00 4.81122043e+00
   5.28126733e+00 5.78080714e+00 6.69622323e+00 8.05351975e+00
   9.06467658e+00 1.03505330e+01 1.28796950e+01]
  [6.97725705e-02 1.46898001e-01 2.31596264e-01 3.19156020e-01
   4.08344168e-01 4.97843818e-01 5.87855652e-01 6.77301011e-01
   7.66590036e-01 8.54431231e-01 9.43625327e-01 1.03203300e+00
   1.11829339e+00 1.20473144e+00 1.28300671e+00]]

 [[1.85434411e+01 1.33883734e+01 1.21658207e+01 9.76901972e+00
   8.97208679e+00 7.88476170e+00 7.79267476e+00 8.04688056e+00
   8.64843567e+00 9.53174008e+00 1.08384714e+01 1.27745666e+01
   1.52276278e+01 1.84493513e+01 2.20512198e+01]
  [7.02317247e-02 1.47295584e-01 2.33113187e-01 3.21552000e-01
   4.10815529e-01 5.01147937e-01 5.91717973e-01 6.82189643e-01
   7.72021318e-01 8.60279821e-01 9.49853659e-01 1.03824898e+00
   1.12572640e+00 1.21357486e+00 1.29122703e+00]]

 [[1.64974351e+01 1.99596289e+01 1.71551125e+01 1.41462486e+01
   1.33030071e+01 1.14986923e+01 1.11605053e+01 1.14255797e+01
   1.22366315e+01 1.25573659e+01 1.42345861e+01 1.62117060e+01
   1.86442196e+01 2.04792601e+01 2.44057618e+01]
  [6.97725705e-02 1.46898001e-01 2.31596264e-01 3.19156020e-01
   4.08344168e-01 4.97843818e-01 5.87855652e-01 6.77301011e-01
   7.66590036e-01 8.54431231e-01 9.43625327e-01 1.03203300e+00
   1.11829339e+00 1.20473144e+00 1.28300671e+00]]

 [[1.07478680e+01 1.66852775e+01 1.77223408e+01 1.69043006e+01
   1.61640372e+01 1.47966403e+01 1.40291551e+01 1.36890034e+01
   1.48304664e+01 1.50207207e+01 1.60961095e+01 1.80558534e+01
   2.03632717e+01 2.36093974e+01 2.37320617e+01]
  [6.97725705e-02 1.46898001e-01 2.31596264e-01 3.19156020e-01
   4.08344168e-01 4.97843818e-01 5.87855652e-01 6.77301011e-01
   7.66590036e-01 8.54431231e-01 9.43625327e-01 1.03203300e+00
   1.11829339e+00 1.20473144e+00 1.28300671e+00]]

 [[4.26062258e+00 1.06022409e+01 1.57320538e+01 1.66752188e+01
   1.60966255e+01 1.44263505e+01 1.38833539e+01 1.35733600e+01
   1.39905053e+01 1.45213822e+01 1.50528002e+01 1.68563790e+01
   1.81353388e+01 2.10850813e+01 2.23215231e+01]
  [7.02317247e-02 1.47295584e-01 2.33113187e-01 3.21552000e-01
   4.10815529e-01 5.01147937e-01 5.91717973e-01 6.82189643e-01
   7.72021318e-01 8.60279821e-01 9.49853659e-01 1.03824898e+00
   1.12572640e+00 1.21357486e+00 1.29122703e+00]]

 [[1.29200680e+00 4.86565725e+00 1.04845320e+01 1.20674612e+01
   1.27935589e+01 1.17374836e+01 1.09412530e+01 1.06986964e+01
   1.11754028e+01 1.11835493e+01 1.14333432e+01 1.24940808e+01
   1.36735024e+01 1.47427076e+01 1.75572574e+01]
  [6.97725705e-02 1.46898001e-01 2.31596264e-01 3.19156020e-01
   4.08344168e-01 4.97843818e-01 5.87855652e-01 6.77301011e-01
   7.66590036e-01 8.54431231e-01 9.43625327e-01 1.03203300e+00
   1.11829339e+00 1.20473144e+00 1.28300671e+00]]

 [[7.07234554e+00 3.10253690e+00 6.23462734e+00 7.45631546e+00
   8.75058444e+00 8.49734915e+00 7.93491615e+00 7.55030603e+00
   7.60222859e+00 7.83675730e+00 7.80553089e+00 8.44457678e+00
   9.70758067e+00 1.23414177e+01 1.45771789e+01]
  [7.02317247e-02 1.47295584e-01 2.33113187e-01 3.21552000e-01
   4.10815529e-01 5.01147937e-01 5.91717973e-01 6.82189643e-01
   7.72021318e-01 8.60279821e-01 9.49853659e-01 1.03824898e+00
   1.12572640e+00 1.21357486e+00 1.29122703e+00]]

 [[3.23266164e+01 1.67129938e+01 7.85723697e+00 5.81724795e+00
   5.07004747e+00 4.26910817e+00 4.59892735e+00 4.61514965e+00
   4.21384460e+00 2.85207700e+00 2.92660544e+00 3.26917325e+00
   3.51576608e+00 3.73480689e+00 3.98698597e+00]
  [6.97725705e-02 1.46898001e-01 2.31596264e-01 3.19156020e-01
   4.08344168e-01 4.97843818e-01 5.87855652e-01 6.77301011e-01
   7.66590036e-01 8.54431231e-01 9.43625327e-01 1.03203300e+00
   1.11829339e+00 1.20473144e+00 1.28300671e+00]]

 [[1.85726089e+02 4.72212842e+01 3.02723040e+01 2.11072253e+01
   1.68060643e+01 1.23049389e+01 1.29881258e+01 1.16061514e+01
   9.20999713e+00 3.69689387e+00 3.07051450e+00 2.95374171e+00
   2.85660330e+00 2.87592689e+00 3.11507087e+00]
  [6.97725705e-02 1.46898001e-01 2.31596264e-01 3.19156020e-01
   4.08344168e-01 4.97843818e-01 5.87855652e-01 6.77301011e-01
   7.66590036e-01 8.54431231e-01 9.43625327e-01 1.03203300e+00
   1.11829339e+00 1.20473144e+00 1.28300671e+00]]

 [[5.13930290e+02 1.44079369e+02 8.50595602e+01 6.45928302e+01
   5.04232850e+01 5.18762217e+01 4.35508142e+01 3.80681111e+01
   2.61086883e+01 1.28503017e+01 1.01256718e+01 8.92754369e+00
   7.78086650e+00 7.66233366e+00 9.51503007e+00]
  [7.02317247e-02 1.47295584e-01 2.33113187e-01 3.21552000e-01
   4.10815529e-01 5.01147937e-01 5.91717973e-01 6.82189643e-01
   7.72021318e-01 8.60279821e-01 9.49853659e-01 1.03824898e+00
   1.12572640e+00 1.21357486e+00 1.29122703e+00]]

 [[4.41384213e+02 1.00698335e+02 1.05319821e+02 9.01584795e+01
   8.76564271e+01 7.83380929e+01 6.55208895e+01 5.11741328e+01
   4.02225988e+01 2.47942264e+01 1.92662727e+01 1.62774921e+01
   1.33902975e+01 1.41515925e+01 1.22371711e+01]
  [6.97725705e-02 1.46898001e-01 2.31596264e-01 3.19156020e-01
   4.08344168e-01 4.97843818e-01 5.87855652e-01 6.77301011e-01
   7.66590036e-01 8.54431231e-01 9.43625327e-01 1.03203300e+00
   1.11829339e+00 1.20473144e+00 1.28300671e+00]]

 [[6.29165906e+01 7.37374281e+01 1.04314287e+02 9.81546172e+01
   1.00239148e+02 7.87364329e+01 5.95765038e+01 4.59576350e+01
   3.32738836e+01 2.32719045e+01 1.80933325e+01 1.42515706e+01
   1.21919075e+01 1.09474107e+01 9.76075316e+00]
  [7.02317247e-02 1.47295584e-01 2.33113187e-01 3.21552000e-01
   4.10815529e-01 5.01147937e-01 5.91717973e-01 6.82189643e-01
   7.72021318e-01 8.60279821e-01 9.49853659e-01 1.03824898e+00
   1.12572640e+00 1.21357486e+00 1.29122703e+00]]

 [[4.52549124e+02 2.21289045e+02 1.69548157e+02 1.43684017e+02
   1.22510629e+02 8.37570633e+01 7.34634876e+01 5.87386003e+01
   4.25770899e+01 1.70672687e+01 1.28014470e+01 1.08303498e+01
   9.75676130e+00 9.37682833e+00 6.71233687e+00]
  [6.97725705e-02 1.46898001e-01 2.31596264e-01 3.19156020e-01
   4.08344168e-01 4.97843818e-01 5.87855652e-01 6.77301011e-01
   7.66590036e-01 8.54431231e-01 9.43625327e-01 1.03203300e+00
   1.11829339e+00 1.20473144e+00 1.28300671e+00]]

 [[1.89482809e+02 1.04677590e+02 8.84197614e+01 6.94491685e+01
   5.90343404e+01 4.75150014e+01 4.10668566e+01 3.31357657e+01
   2.55898369e+01 1.44500269e+01 1.12442221e+01 8.98133802e+00
   7.26688927e+00 6.74732102e+00 4.52504898e+00]
  [6.97725705e-02 1.46898001e-01 2.31596264e-01 3.19156020e-01
   4.08344168e-01 4.97843818e-01 5.87855652e-01 6.77301011e-01
   7.66590036e-01 8.54431231e-01 9.43625327e-01 1.03203300e+00
   1.11829339e+00 1.20473144e+00 1.28300671e+00]]

 [[1.65255547e+01 8.57483967e+00 1.07449790e+01 1.13625136e+01
   1.01566313e+01 9.46222877e+00 8.16227630e+00 6.88159595e+00
   6.38850076e+00 5.12717660e+00 4.53164805e+00 4.10569064e+00
   3.94299580e+00 3.80030963e+00 3.82797414e+00]
  [7.02317247e-02 1.47295584e-01 2.33113187e-01 3.21552000e-01
   4.10815529e-01 5.01147937e-01 5.91717973e-01 6.82189643e-01
   7.72021318e-01 8.60279821e-01 9.49853659e-01 1.03824898e+00
   1.12572640e+00 1.21357486e+00 1.29122703e+00]]

 [[4.79159182e-01 5.01157887e-01 9.66408025e-01 1.36136678e+00
   1.61457060e+00 1.70046091e+00 1.69305531e+00 1.50938925e+00
   1.46280573e+00 1.24579864e+00 1.09292479e+00 1.03757483e+00
   9.36439348e-01 7.95805832e-01 6.38574059e-01]
  [6.97725705e-02 1.46898001e-01 2.31596264e-01 3.19156020e-01
   4.08344168e-01 4.97843818e-01 5.87855652e-01 6.77301011e-01
   7.66590036e-01 8.54431231e-01 9.43625327e-01 1.03203300e+00
   1.11829339e+00 1.20473144e+00 1.28300671e+00]]

 [[1.42738830e-01 6.34978930e-02 1.11316061e-01 1.50621039e-01
   1.88665494e-01 2.17189247e-01 2.52791653e-01 2.74080040e-01
   2.98486591e-01 3.05163511e-01 3.05828810e-01 3.17201536e-01
   3.13267833e-01 2.93683754e-01 3.26699594e-01]
  [7.02317247e-02 1.47295584e-01 2.33113187e-01 3.21552000e-01
   4.10815529e-01 5.01147937e-01 5.91717973e-01 6.82189643e-01
   7.72021318e-01 8.60279821e-01 9.49853659e-01 1.03824898e+00
   1.12572640e+00 1.21357486e+00 1.29122703e+00]]

 [[5.65509309e-01 2.24324833e-01 1.98114110e-01 2.01069157e-01
   1.72040119e-01 1.23717563e-01 1.03829536e-01 7.22067319e-02
   4.88243103e-02 1.41910462e-02 7.58115888e-03 4.33378379e-03
   2.42926456e-03 1.49888322e-03 1.15276406e-03]
  [6.97725705e-02 1.46898001e-01 2.31596264e-01 3.19156020e-01
   4.08344168e-01 4.97843818e-01 5.87855652e-01 6.77301011e-01
   7.66590036e-01 8.54431231e-01 9.43625327e-01 1.03203300e+00
   1.11829339e+00 1.20473144e+00 1.28300671e+00]]

 [[1.79225467e+00 5.34528820e-01 5.47654415e-01 5.16491375e-01
   4.55521325e-01 3.11514905e-01 2.68570430e-01 1.89376983e-01
   1.25503500e-01 3.54687458e-02 1.90559193e-02 1.06255746e-02
   5.96385954e-03 3.78915383e-03 2.74902840e-03]
  [6.97725705e-02 1.46898001e-01 2.31596264e-01 3.19156020e-01
   4.08344168e-01 4.97843818e-01 5.87855652e-01 6.77301011e-01
   7.66590036e-01 8.54431231e-01 9.43625327e-01 1.03203300e+00
   1.11829339e+00 1.20473144e+00 1.28300671e+00]]]
Starting nested sampling...
Number of parameters: 6
Prior: [8.04342075e+00 1.63499768e-01 4.71510539e-01 1.06438707e+03
 1.72983734e-01 1.24610392e+02]
Prior: [8.67078389e+00 1.91957071e-01 1.97395964e+00 3.65865944e+02
 1.10928916e+00 1.23466609e+02]
Prior: [8.30528723e+00 9.92385855e-02 2.09798926e+00 8.11312203e+02
 7.30180251e-01 8.07512346e+01]
Prior: [6.09181118e+00 1.01841895e-01 2.09522713e+00 1.27034907e+03
 4.91480902e-01 3.92385933e+01]
Prior: [4.77254887e+00 1.03758556e-01 2.29728815e+00 3.12733778e+02
 8.85396283e-01 1.64766056e+01]
Prior: [4.51267963e+00 1.45647333e-01 3.27162552e+00 1.73648792e+02
 8.42041603e-01 2.16515404e+02]
Prior: [3.22187207e+00 4.40361908e-02 7.47575162e-01 3.84001444e+02
 3.14772664e-01 1.92027434e+02]
Prior: [4.92616174e+00 1.39505491e-01 2.63302327e+00 1.35568422e+03
 9.59344900e-01 9.93547510e+00]
Prior: [6.67514985e+00 1.27760621e-01 2.52602640e-01 1.26988432e+03
 7.49991326e-01 2.24059920e+02]
Prior: [6.00103120e+00 1.81316253e-01 3.57574420e+00 7.38050224e+02
 8.33514878e-01 2.80973806e+01]
Prior: [4.88918150e+00 1.92532564e-01 4.20960898e-01 4.43961406e+02
 1.41660944e-01 1.46547282e+02]
Prior: [2.11334437e+00 1.93149870e-01 3.89896762e+00 1.13813777e+03
 4.33328660e-01 2.47487187e+01]
Prior: [1.96866878e-01 1.18264956e-02 2.18034891e-01 1.31375575e+03
 6.57997613e-01 1.08007164e+02]
Prior: [4.06032340e+00 5.00176924e-03 2.26550954e+00 5.45153319e+02
 1.02640250e+00 8.35962995e+01]
Prior: [9.12720104e+00 6.33590786e-02 3.36730466e+00 6.71918787e+02
 1.21912480e-01 1.57738963e+02]
Prior: [2.96534463e+00 1.85954991e-01 1.38138282e+00 1.27446715e+02
 3.40555337e-01 2.00561369e+02]
Prior: [5.87213292e+00 1.32029062e-01 2.99662464e+00 8.83499276e+02
 8.64210924e-01 1.89018915e+02]
Prior: [9.14892076e-01 6.59399224e-02 3.97661012e+00 1.90715073e+02
 2.57517921e-01 5.63001786e+01]
Prior: [1.23481415e-01 1.84098060e-01 3.06409030e-01 6.79261212e+02
 9.93001578e-01 1.99724709e+02]
Prior: [  8.45318577   0.16632939   1.72020814  25.96471366   0.21110225
 163.64558783]
Prior: [5.09931187e+00 7.17673252e-02 7.00826271e-01 1.22182350e+03
 1.20780246e+00 2.13546841e+02]
Prior: [7.21719074e+00 6.19639082e-02 3.03696325e+00 8.12952233e+02
 1.45768302e-01 8.03364346e+01]
Prior: [8.74731174e+00 1.56137336e-01 2.50005278e+00 9.01332636e+01
 9.96146256e-02 1.92044023e+02]
Prior: [  6.1315291    0.18711266   2.78637558 119.83159247   0.70323968
 157.62051215]
Prior: [7.81853634e+00 2.00530521e-02 1.25873513e+00 5.92332559e+02
 3.14901644e-01 8.68315063e+01]
Prior: [1.41183234e+00 1.33975756e-02 2.82733113e+00 2.88036534e+02
 1.24435286e+00 6.25933590e+01]
Prior: [5.22352658e+00 1.49977180e-01 1.78387795e+00 7.68499125e+02
 3.40964542e-01 3.40332253e+01]
Prior: [3.94852963e-01 1.20469926e-01 3.78319818e+00 3.80806040e+02
 2.07400473e-01 1.73172514e+02]
Prior: [3.01561135e+00 1.23989065e-01 2.19591826e+00 1.21206049e+03
 6.78900934e-01 7.83318226e+01]
Prior: [1.64211186e+00 1.46106121e-01 2.73018107e+00 5.68538343e+02
 1.18560068e+00 6.85673917e+01]
Prior: [  6.64490651   0.11519263   1.50549342 100.6290363    0.85568007
  32.47883429]
Prior: [6.93962728e+00 7.30377212e-02 8.36758513e-01 3.92035851e+02
 1.20975401e+00 2.06890932e+02]
Prior: [7.81662619e+00 1.96212001e-01 1.06047068e+00 6.89449926e+00
 8.69888939e-02 1.56462040e+02]
Prior: [1.47625516e+00 1.45335780e-01 1.41479934e+00 2.17477035e+02
 1.22506771e+00 1.78029512e+02]
Prior: [1.23378278e+00 9.06907321e-02 3.78333555e+00 4.67808750e+02
 1.25661443e+00 1.74164096e+02]
Prior: [7.70365659e+00 9.85745763e-02 2.04583926e+00 9.44811124e+02
 1.18920923e+00 6.22623476e+01]
Prior: [2.98192659e+00 2.67125761e-02 1.54698494e+00 5.38948813e+02
 1.16967180e+00 7.87414405e+01]
Prior: [9.04897154e+00 3.16211254e-02 2.75662867e+00 9.62722716e+02
 1.26734874e+00 1.68043948e+02]
Prior: [5.42167398e+00 1.56717967e-01 1.42980971e+00 1.38040337e+03
 1.25258446e+00 1.99738772e+02]
Prior: [2.52749810e+00 2.73677544e-02 2.93303872e+00 2.55142996e+02
 1.25971609e+00 6.78510035e+00]
Prior: [6.65824637e+00 1.15509642e-01 2.70592975e+00 3.99871805e+01
 4.15850752e-01 1.47549671e+02]
Prior: [6.94044022e+00 1.80332389e-01 1.66104826e+00 1.12074957e+03
 5.64903433e-01 1.46592069e+02]
Prior: [5.19845738e+00 1.49195785e-01 1.65498426e-01 9.57472954e+01
 1.13096011e+00 2.13056515e+02]
Prior: [7.09788353e+00 2.71912129e-02 1.03634546e-01 1.37653727e+03
 2.65892647e-01 9.03843278e+00]
Prior: [2.66630085e+00 1.18196244e-02 1.77947151e+00 4.90430292e+02
 8.59023841e-01 5.54891248e+01]
Prior: [8.54030283e+00 2.17122027e-02 2.63081353e+00 1.55272237e+02
 1.08031207e-01 7.82365762e+01]
Prior: [7.12272339e+00 1.18605618e-01 1.02233186e+00 1.29153651e+03
 1.98968682e-01 7.51763058e+00]
Prior: [3.34031829e+00 1.02654558e-02 3.84864457e+00 6.91086476e+02
 5.98699141e-01 1.83462803e+02]
Prior: [9.13077402e-01 1.28599399e-01 1.96421773e+00 1.13261473e+03
 1.04584348e-01 5.74519165e+01]
Prior: [8.06487566e+00 1.47813916e-01 3.16383648e+00 6.00253504e+02
 1.09781272e+00 7.98982421e+01]
Prior: [3.78299407e+00 6.56301272e-02 3.51694035e+00 2.56050168e+02
 6.58159501e-01 5.23635240e+01]
Prior: [7.60880856e+00 9.72128545e-02 2.28258956e+00 3.17732230e+02
 4.08988760e-01 1.87140818e+02]
Prior: [4.35392464e+00 6.59089250e-03 2.77290069e+00 9.92593793e+02
 9.71406624e-01 8.15997436e+01]
Prior: [7.54144917e+00 9.36823355e-02 3.15203441e+00 8.73749448e+00
 4.06481660e-02 1.79715695e+02]
Prior: [2.20220578e+00 1.42473656e-01 1.98777866e+00 2.58738006e+02
 7.63222503e-01 1.91299014e+02]
Prior: [1.41182873e+00 1.72593063e-01 2.99358867e+00 1.09595229e+03
 4.65824025e-01 2.84522845e+00]
Prior: [7.94273973e+00 1.43799090e-01 3.88629105e+00 1.44573229e+02
 6.20413135e-01 1.93506363e+02]
Prior: [5.40222521e+00 8.79063157e-02 3.88557568e+00 3.49160379e+02
 8.58415332e-01 1.53678248e+02]
Prior: [9.24345787e+00 1.22181554e-01 2.76354098e+00 2.36951415e+02
 9.96709615e-01 2.28312346e+01]
Prior: [9.54819537e+00 1.47211872e-01 8.70852153e-01 4.75803878e+02
 1.65128447e-01 1.67804717e+02]
Prior: [2.21746607e+00 1.92735002e-01 2.81844919e+00 8.39317698e+02
 5.33891418e-01 6.60756271e+01]
Prior: [6.31982617e+00 1.62452225e-01 7.14681057e-01 1.30336932e+03
 4.28214859e-01 1.71158408e+01]
Prior: [1.21041701e+00 1.79262386e-01 2.11881264e+00 1.32924487e+03
 2.08118101e-01 1.47918950e+02]
Prior: [ 8.10647994  0.15390967  2.28808066 23.43635321  1.17720953 99.26398753]
Prior: [3.55598989e+00 4.42970303e-02 1.08267626e+00 8.41085323e+02
 1.19145369e+00 2.38019947e+02]
Prior: [5.31241023e+00 1.35815876e-01 2.23364202e+00 1.32419508e+03
 1.11616721e+00 1.29246819e+02]
Prior: [7.84811561e+00 1.34342772e-01 7.78278029e-01 6.87587706e+01
 6.57312947e-02 4.03829570e+01]
Prior: [1.97251088e+00 3.80652230e-02 2.88006457e+00 1.10915025e+03
 1.25035565e+00 1.82090024e+02]
Prior: [8.42884333e+00 2.57411459e-02 1.16456247e+00 1.30042472e+03
 1.03554591e+00 1.24836688e+02]
Prior: [8.69879498e+00 1.68467546e-01 1.03541465e+00 1.12630988e+03
 1.27045378e+00 1.86957575e+02]
Prior: [6.11897338e+00 1.96632415e-01 2.26024685e+00 6.98259278e+02
 1.08391630e+00 8.48186259e+01]
Prior: [7.25969008e+00 2.21796021e-02 1.95474483e+00 1.03438233e+02
 8.65448695e-01 9.85819314e+01]
Prior: [6.39527423e+00 6.40173262e-02 2.63685973e+00 2.36420550e+02
 4.68460150e-01 1.78609895e+02]
Prior: [6.55297066e+00 5.22434337e-02 7.51310197e-01 1.17838828e+03
 5.94096260e-01 3.85728328e+01]
Prior: [1.03427138e+00 1.64852530e-01 1.34077371e+00 1.34479196e+03
 8.09225914e-01 6.92155192e+01]
Prior: [  6.13389804   0.17822698   3.14386277 167.53500487   1.19186737
  86.18412833]
Prior: [2.26463218e+00 1.13144576e-01 1.82062658e+00 1.08976355e+03
 8.36123170e-01 2.29518437e+02]
Prior: [2.22999419e+00 1.05968278e-01 1.14640840e+00 3.70040959e+02
 8.04486155e-01 1.19430888e+02]
Prior: [3.58707631e+00 4.31423596e-02 3.11673197e+00 1.22564375e+03
 7.52963009e-01 1.80735450e+02]
Prior: [7.84532030e+00 1.05423057e-01 1.32459806e+00 1.31504989e+03
 5.08688797e-01 7.05024880e+00]
Prior: [3.38167817e+00 2.79256744e-02 5.35985247e-01 1.65300343e+01
 5.56701587e-01 4.61564421e+01]
Prior: [7.87066105e-01 7.61837162e-02 1.43113377e+00 5.95088686e+02
 8.93661890e-02 1.17034836e+02]
Prior: [2.38120145e+00 1.68267638e-01 8.49453112e-01 2.86832409e+02
 6.97468876e-01 6.59415012e+00]
Prior: [5.96724297e+00 1.75603159e-01 1.65756284e+00 1.06677191e+03
 5.55953427e-01 1.68167612e+02]
Prior: [6.04067928e+00 1.93217004e-01 3.20540572e+00 6.01851853e+02
 9.12572360e-02 8.54511238e+01]
Prior: [3.30206890e+00 2.61790785e-02 3.71063900e+00 1.27594674e+03
 1.20236234e+00 2.05246055e+02]
Prior: [1.32677265e+00 2.17279918e-02 2.12114025e+00 7.78297425e+01
 3.65805228e-01 1.89838735e+02]
Prior: [2.39626511e+00 1.41495044e-01 3.59037620e+00 1.25859560e+03
 2.06580582e-01 1.25880986e+02]
Prior: [4.82554030e+00 6.92054924e-02 1.38419225e+00 6.84797644e+02
 9.20213436e-01 8.30921337e+01]
Prior: [1.78896073e+00 1.56184378e-02 1.70811738e+00 7.75068254e+02
 5.45941744e-01 1.68496249e+02]
Prior: [8.92442260e+00 8.25935497e-02 9.57573310e-01 1.21547027e+03
 7.31034127e-01 1.36118473e+02]
Prior: [1.55279590e+00 1.49002587e-01 3.18018783e+00 8.59435988e+02
 1.62000877e-01 1.97505989e+02]
Prior: [5.46653354e-01 1.26418381e-01 8.09643449e-01 9.35068578e+02
 9.68454561e-01 2.30487759e+02]
Prior: [1.59321184e+00 1.10464791e-01 1.10940496e-01 2.38172390e+02
 2.31422321e-01 4.93826169e+01]
Prior: [4.12126069e-01 1.68936558e-01 4.38142448e-01 1.32872818e+03
 8.78947578e-01 1.30973184e+02]
Prior: [7.48124005e+00 1.60492433e-02 2.25019264e-01 7.30070728e+02
 4.30612793e-01 2.21040082e+02]
Prior: [9.26270058e+00 2.30601864e-02 9.91412824e-01 5.14750810e+02
 7.01860226e-01 1.00967342e+02]
Prior: [3.96330256e+00 5.46698156e-02 3.18853678e+00 1.25656809e+03
 3.51357552e-01 1.97057685e+02]
Prior: [1.45409278e+00 6.99204484e-02 1.03177490e+00 7.19943564e+02
 4.32836186e-01 9.99997355e+01]
Prior: [1.23474904e+00 1.89973255e-02 3.19089444e+00 2.04768705e+02
 8.95269824e-02 8.27441192e+01]
Prior: [6.45979480e-01 1.18329071e-01 9.31749393e-01 4.72396588e+02
 2.13222750e-01 1.89638866e+02]
Prior: [2.14779542e+00 8.22526447e-02 8.75772934e-01 5.93497366e+02
 8.08176080e-01 2.72538356e+01]
Prior: [4.79991697e+00 1.48492765e-02 3.89093185e+00 4.67756003e+02
 3.20605594e-01 5.65207053e+01]
Prior: [4.11618120e+00 4.90791545e-02 6.42501688e-01 1.18034737e+03
 9.74871937e-01 8.37881158e+01]
Prior: [9.94658052e-01 1.10828650e-01 7.76753546e-01 8.53676004e+02
 1.15702955e+00 3.82847122e+01]
Prior: [9.42725064e+00 6.68092501e-02 1.69463753e-01 7.21267473e+02
 3.02820499e-01 9.87992476e+01]
Prior: [9.08462838e+00 1.93299979e-02 2.24047965e+00 1.16652687e+03
 7.37316844e-01 1.39167233e+02]
Prior: [3.27298343e+00 5.16606282e-02 1.00872926e+00 2.95600153e+02
 1.25047163e+00 1.11973778e+01]
Prior: [2.23593276e+00 5.51284455e-02 3.02894244e-01 3.87198878e+02
 1.14658955e+00 2.04808142e+02]
Prior: [3.10873213e+00 7.00867420e-02 2.90428173e+00 8.72948776e+02
 2.50923836e-01 2.01388052e+01]
Prior: [4.43857757e-01 1.72811319e-01 2.34458029e+00 1.97525305e+02
 3.14321424e-01 1.16024645e+02]
Prior: [7.41838486e+00 1.71646533e-01 2.67399416e+00 3.02673761e+02
 3.28394483e-01 1.99785037e+02]
Prior: [7.27311789e+00 2.23521667e-02 4.34712564e-01 1.03566505e+03
 5.20617319e-01 1.12425800e+02]
Prior: [7.84972447e+00 6.28399358e-02 3.47198308e+00 1.10730611e+03
 4.54667274e-01 2.32324498e+02]
Prior: [2.27123732e+00 8.37852841e-02 7.01902947e-01 2.91737699e+02
 1.06449376e+00 4.92025394e+01]
Prior: [2.17998773e+00 1.02308643e-01 3.83863915e-02 7.91071084e+02
 1.21617028e+00 1.70259228e+02]
Prior: [2.81010989e+00 7.82284740e-02 9.58086032e-01 1.55103973e+02
 1.15156880e+00 1.18876151e+02]
Prior: [8.66612206e-02 3.22904034e-02 3.93148899e+00 6.57525906e+02
 1.93383481e-01 2.32221112e+02]
Prior: [  7.06543514   0.19182423   2.94177065 148.33169366   1.03631236
   2.79345449]
Prior: [6.18384390e+00 4.75019229e-03 1.01809327e+00 2.96905924e+02
 9.23068580e-01 2.04543558e+02]
Prior: [3.60405275e+00 6.93305702e-03 2.41239000e-01 7.03773849e+02
 9.10061791e-01 1.37127363e+02]
Prior: [2.51546738e+00 1.73037671e-01 2.82319422e-01 7.37224613e+02
 1.08754473e+00 1.88305371e+02]
Prior: [9.54562221e+00 7.02599992e-02 1.61677580e+00 8.71802415e+02
 1.12896543e+00 1.10027346e+02]
Prior: [1.90754372e+00 1.92667103e-01 1.85581541e+00 6.86451358e+02
 1.01430015e+00 2.34080477e+02]
Prior: [2.26510511e+00 6.61588123e-02 4.70126026e-01 5.09637918e+01
 5.13568998e-01 8.42522601e+01]
Prior: [9.61066827e+00 1.33043950e-02 1.19875972e+00 3.25444597e+02
 9.19448383e-02 1.45787503e+02]
Prior: [3.77440729e+00 6.20148301e-02 3.23723793e+00 5.21011051e+02
 6.10112266e-02 9.53206224e+01]
Prior: [4.35525201e-01 2.65992513e-02 1.40694433e-01 7.16172539e+02
 7.67769188e-01 1.87131346e+02]
Prior: [2.14319990e+00 1.19113736e-01 7.45745046e-01 4.51315521e+02
 3.56118974e-01 8.69764243e+01]
Prior: [5.66971340e+00 6.94674350e-02 2.89247718e+00 1.21193374e+02
 6.68779114e-01 1.24042105e+02]
Prior: [5.45284912e+00 1.94171452e-01 1.61684574e+00 1.10783103e+03
 2.94983283e-01 4.82327702e+01]
Prior: [6.21038470e+00 3.32189308e-02 1.66573111e+00 6.95419422e+02
 8.52022816e-01 1.44679733e+02]
Prior: [3.28347886e+00 8.57274580e-02 2.75191503e+00 6.81920628e+02
 6.47387722e-01 2.57131157e+01]
Prior: [7.47702541e+00 1.30838255e-01 2.37933119e+00 1.30010953e+03
 1.29728062e+00 9.74379034e+01]
Prior: [1.68964491e+00 4.67229221e-02 2.77539509e+00 8.05187030e+02
 6.73168091e-01 8.08075378e+01]
Prior: [3.27465864e+00 1.74069085e-01 3.74115699e+00 1.10265059e+03
 1.24739845e+00 3.26587220e+01]
Prior: [2.60926513e+00 9.63455510e-02 8.50452361e-01 1.33907062e+03
 1.19316909e+00 1.39954078e+02]
Prior: [6.86420813e+00 3.08476103e-02 1.91160839e+00 6.15306838e+02
 8.23504656e-01 1.17749731e+02]
Prior: [8.08918926e+00 1.57542861e-01 3.36514115e+00 9.46559752e+02
 1.10191423e+00 8.43776516e+01]
Prior: [2.64255134e+00 1.60679325e-01 2.14761403e+00 9.40942833e+02
 5.41227313e-01 2.23572939e+02]
Prior: [7.77984347e+00 2.36717728e-02 1.34011481e+00 6.18812897e+02
 2.48782113e-01 8.15667749e+01]
Prior: [9.06251085e+00 1.61990984e-01 6.02149563e-01 1.04632589e+03
 7.96858196e-03 1.30407978e+02]
Prior: [8.63743743e+00 1.65832004e-01 1.66439820e+00 1.45564612e+02
 1.16892516e-01 1.18373667e+02]
Prior: [2.07617555e+00 1.65294360e-01 1.89782763e+00 3.97781938e+02
 7.79558923e-01 1.36606921e+02]
Prior: [1.66090661e+00 5.84295459e-02 2.66323193e+00 4.24885580e+02
 1.04841275e+00 1.38368393e+02]
Prior: [7.07940832e+00 9.70745387e-02 3.31781805e+00 4.92248604e+02
 2.25355106e-01 5.41805037e+01]
Prior: [  6.75983285   0.19931431   3.25695421 156.31227972   0.77499178
 150.05571303]
Prior: [7.64906714e+00 1.74685629e-01 3.15399396e-01 6.21489982e+02
 9.57763933e-01 1.92110248e+02]
Prior: [2.05837136e+00 1.21765611e-01 3.12048573e+00 2.85356823e+01
 9.74904543e-01 2.26578570e+02]
Prior: [6.28794462e+00 7.60817318e-02 2.92223018e-01 4.90215534e+02
 7.31253022e-01 7.38945450e+01]
Prior: [8.29091122e+00 9.03978382e-02 1.52013185e+00 4.38749941e+02
 6.60224540e-03 1.14874198e+02]
Prior: [9.03463680e+00 7.61914875e-02 3.22368963e+00 1.16721659e+03
 1.04659822e+00 1.25567660e+02]
Prior: [7.45053059e+00 1.23453679e-01 1.97816421e+00 9.39325239e+02
 5.74467452e-01 1.86949073e+02]
Prior: [7.09960227e+00 9.64729609e-03 1.56971416e+00 1.13919569e+03
 9.64721107e-01 3.77666773e+01]
Prior: [2.98847185e-02 8.97403268e-02 1.42950696e+00 1.46448934e+02
 4.31319973e-01 1.20059449e+02]
Prior: [6.20290573e+00 1.10178388e-01 1.99337764e-01 7.16971541e+02
 1.36927896e-01 7.80074775e+01]
Prior: [7.58674319e+00 4.14628317e-02 2.16501373e+00 1.12787605e+03
 7.40454396e-01 3.08287104e-02]
Prior: [1.82307281e+00 5.65300706e-02 1.23143283e+00 4.08397996e+02
 1.22133379e+00 1.31446884e+02]
Prior: [2.33885243e+00 1.14046028e-02 2.60537278e+00 6.84639347e+02
 4.24475176e-01 9.61386921e+01]
Prior: [5.46590333e+00 8.73974403e-02 2.60995944e+00 1.24642853e+03
 2.70529617e-01 2.05076336e+02]
Prior: [8.05815355e+00 1.45551623e-02 2.35394069e+00 8.97852506e+02
 1.01548574e-01 7.64287512e+01]
Prior: [8.33842645e+00 2.32528202e-02 1.61637682e+00 9.82309953e+02
 5.00755168e-01 6.84200092e+01]
Prior: [6.48375955e+00 1.97714665e-02 2.76436153e+00 6.80810217e+02
 1.08259070e+00 1.27092743e+02]
Prior: [7.90988410e+00 1.58587491e-01 1.96986942e+00 1.36513301e+03
 1.03144770e+00 7.72735379e+01]
Prior: [5.85437499e-01 9.87765179e-02 3.66641888e+00 8.10355320e+02
 1.10282224e+00 4.71929052e+01]
Prior: [6.39914971e+00 6.08315594e-02 3.38237729e+00 8.32026684e+02
 5.12467919e-02 1.77564581e+02]
Prior: [3.11673395e+00 1.89612064e-01 3.94626141e+00 7.06334411e+02
 1.23634282e+00 1.60142429e+02]
Prior: [6.25973076e+00 3.22290602e-02 3.45701482e+00 3.34359208e+02
 5.72538749e-01 9.97992233e+01]
Prior: [3.26941595e+00 1.01094948e-01 7.89660311e-02 6.79910354e+02
 8.13044238e-01 2.78576297e+01]
Prior: [1.55597286e+00 9.07358342e-02 4.87714817e-01 3.89504312e+02
 6.22928414e-01 9.09826506e+01]
Prior: [6.62137450e+00 1.44694365e-01 3.96009928e+00 5.89965899e+02
 6.50573626e-01 4.73202576e+01]
Prior: [3.69135900e+00 2.21315761e-02 1.79897003e-01 1.09683713e+03
 1.19462978e+00 1.78113290e+02]
Prior: [6.35701430e+00 2.73941164e-04 7.68362685e-01 7.06948955e+02
 8.00611033e-01 2.20658709e+02]
Prior: [5.68355444e+00 7.31283633e-02 3.24990732e+00 3.10550100e+02
 1.69392086e-01 1.53583849e+02]
Prior: [4.72906544e+00 1.24765777e-01 3.48811353e+00 1.15549409e+03
 1.00500163e+00 1.93425983e+02]
Prior: [7.01767214e+00 1.09345801e-01 2.76378486e+00 7.23192252e+02
 1.10752527e+00 1.31102786e+02]
Prior: [1.52433772e+00 7.15944280e-02 1.06273801e+00 6.20780012e+02
 2.45700117e-01 2.24694614e+01]
Prior: [8.02161077e+00 4.55035020e-02 1.71577157e+00 6.33374928e+02
 1.06546890e+00 2.14343311e+02]
Prior: [3.89790863e+00 7.14459910e-02 3.33126725e+00 2.38329237e+02
 2.45160491e-01 2.47201394e+01]
Prior: [2.76484921e+00 1.06122201e-01 1.12357038e-01 1.77225714e+02
 7.99187951e-02 6.08213071e+01]
Prior: [5.16615108e+00 1.81136346e-01 2.69618140e+00 7.93757616e+02
 1.16131137e+00 1.56092688e+01]
Prior: [4.77585171e+00 1.38651980e-01 3.69066183e+00 5.63799506e+02
 1.24319190e+00 2.03566298e+02]
Prior: [5.11733115e+00 5.58341683e-02 8.96318585e-01 8.05324293e+02
 1.07726374e+00 1.29551352e+02]
Prior: [1.30031691e+00 7.41379961e-02 9.79499652e-01 8.06836937e+02
 6.06535078e-01 2.04449610e+01]
Prior: [2.90036474e+00 1.11738625e-01 3.40336002e-01 3.53630580e+02
 2.88711725e-01 1.06054209e+02]
Prior: [5.70601623e+00 1.98275914e-01 1.66480377e+00 1.11513159e+03
 7.61562258e-01 1.03113470e+02]
Prior: [7.07534709e+00 7.76558048e-02 3.91874395e+00 4.47716313e+01
 6.64057732e-01 2.11068993e+02]
Prior: [2.78281484e+00 1.86020953e-03 6.95023661e-01 3.07034314e+02
 4.41113291e-01 1.12467233e+02]
Prior: [8.76824660e+00 9.43570526e-02 3.99209129e+00 1.39795468e+03
 8.91104195e-01 3.73278320e+01]
Prior: [8.47782841e+00 1.50261902e-01 2.53072442e+00 6.47781183e+02
 5.91132192e-01 1.94975211e+02]
Prior: [3.80217295e+00 8.69903065e-02 2.42492947e+00 1.04777603e+02
 8.16263221e-01 1.59629375e+02]
Prior: [7.23561190e+00 9.34230398e-02 1.68534447e+00 5.67337322e+02
 7.66325527e-01 1.11510784e+02]
Prior: [3.31189805e-01 8.20655046e-02 4.04122796e-01 9.24611188e+02
 5.67492148e-01 2.36897531e+02]
Prior: [6.18094553e-01 8.75551018e-02 9.00914274e-01 4.13975838e+02
 2.46859178e-02 7.37344183e+01]
Prior: [5.66628968e+00 1.53478218e-01 2.23257429e+00 5.54047992e+02
 1.24078651e+00 1.71599830e+02]
Prior: [2.92708022e+00 9.68896703e-02 1.06137297e+00 9.38727775e+02
 7.78515138e-01 9.71289690e+01]
Prior: [6.64063648e+00 1.42389087e-01 1.46291276e+00 7.63899463e+01
 3.55061171e-01 1.72596339e+02]
Prior: [1.06106208e-01 2.70114779e-02 2.09149271e-01 2.56035851e+02
 2.58757667e-01 9.78914963e+01]
Prior: [8.74355032e+00 4.30412381e-02 4.72793504e-01 5.03525777e+01
 5.28693120e-01 9.21362190e+01]
Prior: [9.04742846e+00 2.30464642e-02 8.53419860e-01 3.73445476e+02
 2.98390265e-01 8.98429113e+01]
Prior: [7.52715906e+00 1.34925369e-01 2.48030818e+00 4.77137556e+02
 2.22257192e-01 1.95470884e+02]
Prior: [8.05595952e+00 1.18653037e-02 1.24545258e+00 1.67886487e+01
 1.88289158e-01 7.65342017e+01]
Prior: [5.53841684e+00 4.80424442e-03 3.23742245e+00 1.10435781e+03
 1.16646355e-01 1.99714483e+02]
Prior: [7.29730808e+00 1.49550375e-01 2.04223423e-01 1.17595634e+02
 1.13203389e+00 1.87207829e+02]
Prior: [5.34095342e+00 1.44021101e-02 1.32337773e-01 1.23836976e+03
 5.57379531e-01 5.38140451e+01]
Prior: [6.70723985e+00 3.21417955e-02 2.42447007e+00 7.77130779e+02
 6.95482879e-01 4.89609346e+01]
Prior: [9.46544809e+00 2.99277949e-02 2.60890973e+00 7.74427473e+02
 9.32703035e-01 7.70204084e+01]
Prior: [4.97392803e+00 1.49734246e-01 5.76724127e-02 1.16338609e+03
 6.91407492e-02 4.70144885e+01]
Prior: [5.60325327e+00 1.31413836e-01 1.33394749e+00 8.57769623e+02
 9.34376353e-01 5.65010923e+01]
Prior: [8.46645687e+00 3.31300163e-02 2.31640405e+00 1.29485040e+03
 1.07461512e+00 2.01472586e+02]
Prior: [7.29321934e+00 2.55019040e-02 5.69231699e-01 1.27918255e+01
 2.52264207e-01 1.24213330e+02]
Prior: [1.84814105e+00 3.82614004e-02 2.12001374e+00 1.33612249e+03
 9.42574468e-01 2.24104665e+02]
Prior: [6.53093972e-01 6.90658309e-02 2.86288683e+00 7.29827618e+02
 1.12911509e+00 9.39069331e+01]
Prior: [6.00458901e+00 6.68326085e-02 2.66016008e+00 2.75841133e+02
 3.33924489e-01 6.60759438e+01]
Prior: [8.68662211e+00 8.54500133e-03 9.13523076e-02 5.85878779e+02
 4.19316392e-02 4.20379620e+01]
Prior: [9.27135419e+00 1.49133850e-01 1.46988925e+00 9.14219471e+02
 6.61461436e-01 1.60045254e+02]
Prior: [7.71884820e+00 4.46003199e-02 3.18555006e+00 9.40849743e+02
 7.52038937e-01 1.07103435e+02]
Prior: [6.75474387e-01 1.13866694e-01 3.66490900e+00 6.03006846e+02
 1.13929359e+00 1.99705906e+02]
Prior: [4.94447415e+00 8.22244789e-02 1.24516106e+00 9.47983500e+02
 9.15729135e-01 1.35469191e+02]
Prior: [8.05114431e+00 1.07029801e-01 1.01597072e+00 7.82261801e+01
 6.26910685e-01 2.07097197e+02]
Prior: [9.17800410e+00 1.63203866e-01 1.89195637e+00 1.07666553e+03
 2.09230555e-01 1.81645395e+02]
Prior: [1.79957836e-01 4.98594062e-02 3.69654355e+00 1.34537036e+03
 4.82140097e-01 1.85899175e+02]
Prior: [4.04789812e+00 1.99223163e-01 3.85146679e+00 1.15246221e+03
 6.97802808e-01 6.42642052e+01]
Prior: [7.10906671e+00 8.89707892e-02 1.72802015e-01 1.14895163e+03
 1.08547963e-01 5.63082826e+01]
Prior: [5.20764820e+00 8.68452212e-02 3.39348080e+00 6.03755258e+02
 1.82158885e-01 1.05360221e+02]
Prior: [6.38717785e+00 1.18119340e-01 2.51079150e+00 1.26086489e+03
 1.21276666e+00 2.07820071e+02]
Prior: [5.93135503e+00 2.62289816e-02 1.87125934e+00 1.26841644e+03
 1.70404544e-03 8.55712329e+01]
Prior: [2.35247656e+00 1.27449634e-01 8.39535544e-01 1.02760737e+02
 3.44802283e-02 1.08846783e+02]
Prior: [5.68151580e+00 1.54702308e-01 3.65543140e+00 7.88339578e+02
 8.70174334e-01 1.29429706e+02]
Prior: [1.79939224e+00 1.83387262e-01 1.31825651e+00 9.57756642e+02
 5.94137883e-01 4.15488730e+01]
Prior: [2.79341187e+00 1.59749616e-01 1.89246564e-01 8.23604860e+02
 2.90274250e-01 8.28853377e+01]
Prior: [7.96187350e+00 1.59017008e-01 1.60205786e-02 1.45025717e+02
 8.88127412e-01 2.16686445e+02]
Prior: [8.76844571e+00 3.64523535e-02 1.11048435e+00 7.38520579e+01
 7.81889429e-01 2.21458158e+02]
Prior: [2.96629602e+00 1.39496999e-01 1.77714545e-01 4.68782574e+02
 1.11402266e+00 1.97103232e+01]
Prior: [8.72741149e+00 1.68720346e-01 5.91643141e-02 1.04933243e+03
 7.22360811e-02 1.22371330e+02]
Prior: [2.20694257e+00 1.86943750e-01 5.24296687e-02 1.09528608e+03
 8.21529684e-01 1.03083577e+01]
Prior: [3.89347216e+00 2.73010179e-02 3.52354586e+00 9.82385678e+02
 3.09139508e-02 8.31332871e+01]
Prior: [6.30257709e+00 1.14608554e-01 3.03326200e+00 2.08413642e+02
 6.41115825e-01 1.77071113e+01]
Prior: [7.74348786e+00 1.02693175e-02 3.94633452e+00 1.00359097e+03
 9.13468955e-01 1.79000551e+02]
Prior: [1.89132045e+00 1.11151471e-02 9.08579987e-01 5.96249847e+02
 1.27340060e+00 1.33843918e+02]
Prior: [5.68270991e+00 4.23485422e-02 3.14647558e+00 4.63271300e+02
 2.54333899e-01 1.55629262e+02]
Prior: [7.53368973e+00 4.37637575e-02 2.62885790e+00 3.70722572e+02
 6.94667427e-01 2.20791345e+01]
Prior: [1.92618173e+00 1.54612059e-01 3.34181639e+00 1.36221094e+03
 1.61739802e-01 5.14301105e+01]
Prior: [5.90283265e+00 8.82276076e-02 4.84911650e-01 5.91433223e+02
 5.43840762e-01 1.13102128e+02]
Prior: [  5.06181629   0.18643999   0.91371822 117.72008239   0.55042761
 186.16514728]
Prior: [3.16234663e+00 1.34483906e-01 1.24328891e+00 3.52735251e+02
 2.03547395e-01 2.53024163e+01]
Prior: [1.78842337e+00 9.91666155e-02 2.11131011e+00 1.44339654e+02
 5.23056322e-01 1.88252218e+02]
Prior: [4.95030788e+00 1.76239236e-01 2.22979928e+00 4.44221317e+02
 8.93217462e-01 4.26229837e+01]
Prior: [5.49447832e+00 4.73437127e-02 7.19754221e-01 7.45623893e+02
 1.18618057e+00 2.38037492e+02]
Prior: [9.19335700e+00 1.29398288e-01 3.41094310e+00 9.39277883e+02
 1.27011642e+00 2.05499783e+02]
